
[2020-07-21 19:34:10,822][INFO ][MainProcess][MainProcess.java][start()][19][msg=Starting Process]
[2020-07-21 19:34:10,824][INFO ][MainProcessDao][MainProcessDao.java][getPortIdAndType()][31][msg=Fetching port id and type from port_address table]
[2020-07-21 19:34:10,824][INFO ][MainProcessDao][MainProcessDao.java][getPortIdAndType()][34][msg=Query: select id, port from port_address]
[2020-07-21 19:34:10,827][INFO ][MainProcessDao][MainProcessDao.java][findInUserProfile()][60][msg=Checking in user profile for port info]
[2020-07-21 19:34:10,827][INFO ][MainProcessDao][MainProcessDao.java][findInUserProfile()][63][msg=Query: select count(*) as count from user_profile where port_address=101 and arrival_port=0]
[2020-07-21 19:34:10,834][INFO ][MainProcessDao$1][MainProcessDao.java][extractData()][43][msg=The count for port id 101 is 0]
[2020-07-21 19:34:10,834][INFO ][MainProcessDao$1][MainProcessDao.java][extractData()][47][msg=Adding to report: Report [portId=101, portType=0]]
[2020-07-21 19:34:10,834][INFO ][MainProcessDao][MainProcessDao.java][findInUserProfile()][60][msg=Checking in user profile for port info]
[2020-07-21 19:34:10,835][INFO ][MainProcessDao][MainProcessDao.java][findInUserProfile()][63][msg=Query: select count(*) as count from user_profile where port_address=1 and arrival_port=2]
[2020-07-21 19:34:10,840][INFO ][MainProcessDao$1][MainProcessDao.java][extractData()][43][msg=The count for port id 1 is 1]
[2020-07-21 19:34:10,840][INFO ][MainProcessDao][MainProcessDao.java][findInUserProfile()][60][msg=Checking in user profile for port info]
[2020-07-21 19:34:10,840][INFO ][MainProcessDao][MainProcessDao.java][findInUserProfile()][63][msg=Query: select count(*) as count from user_profile where port_address=2 and arrival_port=2]
[2020-07-21 19:34:10,842][INFO ][MainProcessDao$1][MainProcessDao.java][extractData()][43][msg=The count for port id 2 is 0]
[2020-07-21 19:34:10,842][INFO ][MainProcessDao$1][MainProcessDao.java][extractData()][47][msg=Adding to report: Report [portId=2, portType=2]]
[2020-07-21 19:34:10,842][INFO ][MainProcessDao][MainProcessDao.java][findInUserProfile()][60][msg=Checking in user profile for port info]
[2020-07-21 19:34:10,842][INFO ][MainProcessDao][MainProcessDao.java][findInUserProfile()][63][msg=Query: select count(*) as count from user_profile where port_address=3 and arrival_port=2]
[2020-07-21 19:34:10,844][INFO ][MainProcessDao$1][MainProcessDao.java][extractData()][43][msg=The count for port id 3 is 0]
[2020-07-21 19:34:10,844][INFO ][MainProcessDao$1][MainProcessDao.java][extractData()][47][msg=Adding to report: Report [portId=3, portType=2]]
[2020-07-21 19:34:10,845][INFO ][MainProcessDao][MainProcessDao.java][findInUserProfile()][60][msg=Checking in user profile for port info]
[2020-07-21 19:34:10,845][INFO ][MainProcessDao][MainProcessDao.java][findInUserProfile()][63][msg=Query: select count(*) as count from user_profile where port_address=4 and arrival_port=2]
[2020-07-21 19:34:10,847][INFO ][MainProcessDao$1][MainProcessDao.java][extractData()][43][msg=The count for port id 4 is 0]
[2020-07-21 19:34:10,847][INFO ][MainProcessDao$1][MainProcessDao.java][extractData()][47][msg=Adding to report: Report [portId=4, portType=2]]
[2020-07-21 19:34:10,847][INFO ][MainProcessDao][MainProcessDao.java][findInUserProfile()][60][msg=Checking in user profile for port info]
[2020-07-21 19:34:10,847][INFO ][MainProcessDao][MainProcessDao.java][findInUserProfile()][63][msg=Query: select count(*) as count from user_profile where port_address=5 and arrival_port=2]
[2020-07-21 19:34:10,849][INFO ][MainProcessDao$1][MainProcessDao.java][extractData()][43][msg=The count for port id 5 is 0]
[2020-07-21 19:34:10,849][INFO ][MainProcessDao$1][MainProcessDao.java][extractData()][47][msg=Adding to report: Report [portId=5, portType=2]]
[2020-07-21 19:34:10,849][INFO ][MainProcessDao][MainProcessDao.java][findInUserProfile()][60][msg=Checking in user profile for port info]
[2020-07-21 19:34:10,849][INFO ][MainProcessDao][MainProcessDao.java][findInUserProfile()][63][msg=Query: select count(*) as count from user_profile where port_address=6 and arrival_port=2]
[2020-07-21 19:34:10,852][INFO ][MainProcessDao$1][MainProcessDao.java][extractData()][43][msg=The count for port id 6 is 0]
[2020-07-21 19:34:10,852][INFO ][MainProcessDao$1][MainProcessDao.java][extractData()][47][msg=Adding to report: Report [portId=6, portType=2]]
[2020-07-21 19:34:10,852][INFO ][MainProcessDao][MainProcessDao.java][findInUserProfile()][60][msg=Checking in user profile for port info]
[2020-07-21 19:34:10,852][INFO ][MainProcessDao][MainProcessDao.java][findInUserProfile()][63][msg=Query: select count(*) as count from user_profile where port_address=7 and arrival_port=1]
[2020-07-21 19:34:10,854][INFO ][MainProcessDao$1][MainProcessDao.java][extractData()][43][msg=The count for port id 7 is 1]
[2020-07-21 19:34:10,854][INFO ][MainProcessDao][MainProcessDao.java][findInUserProfile()][60][msg=Checking in user profile for port info]
[2020-07-21 19:34:10,854][INFO ][MainProcessDao][MainProcessDao.java][findInUserProfile()][63][msg=Query: select count(*) as count from user_profile where port_address=8 and arrival_port=0]
[2020-07-21 19:34:10,857][INFO ][MainProcessDao$1][MainProcessDao.java][extractData()][43][msg=The count for port id 8 is 2]
[2020-07-21 19:34:10,857][INFO ][MainProcessDao][MainProcessDao.java][findInUserProfile()][60][msg=Checking in user profile for port info]
[2020-07-21 19:34:10,857][INFO ][MainProcessDao][MainProcessDao.java][findInUserProfile()][63][msg=Query: select count(*) as count from user_profile where port_address=9 and arrival_port=1]
[2020-07-21 19:34:10,859][INFO ][MainProcessDao$1][MainProcessDao.java][extractData()][43][msg=The count for port id 9 is 0]
[2020-07-21 19:34:10,859][INFO ][MainProcessDao$1][MainProcessDao.java][extractData()][47][msg=Adding to report: Report [portId=9, portType=1]]
[2020-07-21 19:34:10,860][INFO ][MainProcessDao][MainProcessDao.java][findInUserProfile()][60][msg=Checking in user profile for port info]
[2020-07-21 19:34:10,860][INFO ][MainProcessDao][MainProcessDao.java][findInUserProfile()][63][msg=Query: select count(*) as count from user_profile where port_address=10 and arrival_port=2]
[2020-07-21 19:34:10,862][INFO ][MainProcessDao$1][MainProcessDao.java][extractData()][43][msg=The count for port id 10 is 0]
[2020-07-21 19:34:10,862][INFO ][MainProcessDao$1][MainProcessDao.java][extractData()][47][msg=Adding to report: Report [portId=10, portType=2]]
[2020-07-21 19:34:10,862][INFO ][MainProcessDao][MainProcessDao.java][findInUserProfile()][60][msg=Checking in user profile for port info]
[2020-07-21 19:34:10,862][INFO ][MainProcessDao][MainProcessDao.java][findInUserProfile()][63][msg=Query: select count(*) as count from user_profile where port_address=11 and arrival_port=0]
[2020-07-21 19:34:10,864][INFO ][MainProcessDao$1][MainProcessDao.java][extractData()][43][msg=The count for port id 11 is 0]
[2020-07-21 19:34:10,864][INFO ][MainProcessDao$1][MainProcessDao.java][extractData()][47][msg=Adding to report: Report [portId=11, portType=0]]
[2020-07-21 19:34:10,864][INFO ][MainProcessDao][MainProcessDao.java][findInUserProfile()][60][msg=Checking in user profile for port info]
[2020-07-21 19:34:10,864][INFO ][MainProcessDao][MainProcessDao.java][findInUserProfile()][63][msg=Query: select count(*) as count from user_profile where port_address=12 and arrival_port=2]
[2020-07-21 19:34:10,867][INFO ][MainProcessDao$1][MainProcessDao.java][extractData()][43][msg=The count for port id 12 is 0]
[2020-07-21 19:34:10,867][INFO ][MainProcessDao$1][MainProcessDao.java][extractData()][47][msg=Adding to report: Report [portId=12, portType=2]]
[2020-07-21 19:34:10,867][INFO ][MainProcessDao][MainProcessDao.java][findInUserProfile()][60][msg=Checking in user profile for port info]
[2020-07-21 19:34:10,867][INFO ][MainProcessDao][MainProcessDao.java][findInUserProfile()][63][msg=Query: select count(*) as count from user_profile where port_address=13 and arrival_port=2]
[2020-07-21 19:34:10,869][INFO ][MainProcessDao$1][MainProcessDao.java][extractData()][43][msg=The count for port id 13 is 0]
[2020-07-21 19:34:10,869][INFO ][MainProcessDao$1][MainProcessDao.java][extractData()][47][msg=Adding to report: Report [portId=13, portType=2]]
[2020-07-21 19:34:10,869][INFO ][MainProcessDao][MainProcessDao.java][findInUserProfile()][60][msg=Checking in user profile for port info]
[2020-07-21 19:34:10,869][INFO ][MainProcessDao][MainProcessDao.java][findInUserProfile()][63][msg=Query: select count(*) as count from user_profile where port_address=14 and arrival_port=2]
[2020-07-21 19:34:10,871][INFO ][MainProcessDao$1][MainProcessDao.java][extractData()][43][msg=The count for port id 14 is 0]
[2020-07-21 19:34:10,871][INFO ][MainProcessDao$1][MainProcessDao.java][extractData()][47][msg=Adding to report: Report [portId=14, portType=2]]
[2020-07-21 19:34:10,871][INFO ][MainProcessDao][MainProcessDao.java][findInUserProfile()][60][msg=Checking in user profile for port info]
[2020-07-21 19:34:10,871][INFO ][MainProcessDao][MainProcessDao.java][findInUserProfile()][63][msg=Query: select count(*) as count from user_profile where port_address=15 and arrival_port=2]
[2020-07-21 19:34:10,873][INFO ][MainProcessDao$1][MainProcessDao.java][extractData()][43][msg=The count for port id 15 is 0]
[2020-07-21 19:34:10,873][INFO ][MainProcessDao$1][MainProcessDao.java][extractData()][47][msg=Adding to report: Report [portId=15, portType=2]]
[2020-07-21 19:34:10,873][INFO ][MainProcessDao][MainProcessDao.java][findInUserProfile()][60][msg=Checking in user profile for port info]
[2020-07-21 19:34:10,873][INFO ][MainProcessDao][MainProcessDao.java][findInUserProfile()][63][msg=Query: select count(*) as count from user_profile where port_address=16 and arrival_port=2]
[2020-07-21 19:34:10,875][INFO ][MainProcessDao$1][MainProcessDao.java][extractData()][43][msg=The count for port id 16 is 0]
[2020-07-21 19:34:10,875][INFO ][MainProcessDao$1][MainProcessDao.java][extractData()][47][msg=Adding to report: Report [portId=16, portType=2]]
[2020-07-21 19:34:10,875][INFO ][MainProcessDao][MainProcessDao.java][findInUserProfile()][60][msg=Checking in user profile for port info]
[2020-07-21 19:34:10,875][INFO ][MainProcessDao][MainProcessDao.java][findInUserProfile()][63][msg=Query: select count(*) as count from user_profile where port_address=17 and arrival_port=2]
[2020-07-21 19:34:10,877][INFO ][MainProcessDao$1][MainProcessDao.java][extractData()][43][msg=The count for port id 17 is 0]
[2020-07-21 19:34:10,877][INFO ][MainProcessDao$1][MainProcessDao.java][extractData()][47][msg=Adding to report: Report [portId=17, portType=2]]
[2020-07-21 19:34:10,877][INFO ][MainProcessDao][MainProcessDao.java][findInUserProfile()][60][msg=Checking in user profile for port info]
[2020-07-21 19:34:10,877][INFO ][MainProcessDao][MainProcessDao.java][findInUserProfile()][63][msg=Query: select count(*) as count from user_profile where port_address=18 and arrival_port=2]
[2020-07-21 19:34:10,879][INFO ][MainProcessDao$1][MainProcessDao.java][extractData()][43][msg=The count for port id 18 is 0]
[2020-07-21 19:34:10,879][INFO ][MainProcessDao$1][MainProcessDao.java][extractData()][47][msg=Adding to report: Report [portId=18, portType=2]]
[2020-07-21 19:34:10,879][INFO ][MainProcessDao][MainProcessDao.java][findInUserProfile()][60][msg=Checking in user profile for port info]
[2020-07-21 19:34:10,879][INFO ][MainProcessDao][MainProcessDao.java][findInUserProfile()][63][msg=Query: select count(*) as count from user_profile where port_address=19 and arrival_port=2]
[2020-07-21 19:34:10,882][INFO ][MainProcessDao$1][MainProcessDao.java][extractData()][43][msg=The count for port id 19 is 0]
[2020-07-21 19:34:10,882][INFO ][MainProcessDao$1][MainProcessDao.java][extractData()][47][msg=Adding to report: Report [portId=19, portType=2]]
[2020-07-21 19:34:10,883][INFO ][MainProcessDao][MainProcessDao.java][findInUserProfile()][60][msg=Checking in user profile for port info]
[2020-07-21 19:34:10,883][INFO ][MainProcessDao][MainProcessDao.java][findInUserProfile()][63][msg=Query: select count(*) as count from user_profile where port_address=20 and arrival_port=0]
[2020-07-21 19:34:10,885][INFO ][MainProcessDao$1][MainProcessDao.java][extractData()][43][msg=The count for port id 20 is 0]
[2020-07-21 19:34:10,885][INFO ][MainProcessDao$1][MainProcessDao.java][extractData()][47][msg=Adding to report: Report [portId=20, portType=0]]
[2020-07-21 19:34:10,885][INFO ][MainProcessDao][MainProcessDao.java][findInUserProfile()][60][msg=Checking in user profile for port info]
[2020-07-21 19:34:10,885][INFO ][MainProcessDao][MainProcessDao.java][findInUserProfile()][63][msg=Query: select count(*) as count from user_profile where port_address=21 and arrival_port=0]
[2020-07-21 19:34:10,888][INFO ][MainProcessDao$1][MainProcessDao.java][extractData()][43][msg=The count for port id 21 is 0]
[2020-07-21 19:34:10,888][INFO ][MainProcessDao$1][MainProcessDao.java][extractData()][47][msg=Adding to report: Report [portId=21, portType=0]]
[2020-07-21 19:34:10,888][INFO ][MainProcessDao][MainProcessDao.java][findInUserProfile()][60][msg=Checking in user profile for port info]
[2020-07-21 19:34:10,888][INFO ][MainProcessDao][MainProcessDao.java][findInUserProfile()][63][msg=Query: select count(*) as count from user_profile where port_address=22 and arrival_port=0]
[2020-07-21 19:34:10,890][INFO ][MainProcessDao$1][MainProcessDao.java][extractData()][43][msg=The count for port id 22 is 0]
[2020-07-21 19:34:10,890][INFO ][MainProcessDao$1][MainProcessDao.java][extractData()][47][msg=Adding to report: Report [portId=22, portType=0]]
[2020-07-21 19:34:10,890][INFO ][MainProcessDao][MainProcessDao.java][findInUserProfile()][60][msg=Checking in user profile for port info]
[2020-07-21 19:34:10,890][INFO ][MainProcessDao][MainProcessDao.java][findInUserProfile()][63][msg=Query: select count(*) as count from user_profile where port_address=23 and arrival_port=0]
[2020-07-21 19:34:10,892][INFO ][MainProcessDao$1][MainProcessDao.java][extractData()][43][msg=The count for port id 23 is 0]
[2020-07-21 19:34:10,892][INFO ][MainProcessDao$1][MainProcessDao.java][extractData()][47][msg=Adding to report: Report [portId=23, portType=0]]
[2020-07-21 19:34:10,892][INFO ][MainProcessDao][MainProcessDao.java][findInUserProfile()][60][msg=Checking in user profile for port info]
[2020-07-21 19:34:10,892][INFO ][MainProcessDao][MainProcessDao.java][findInUserProfile()][63][msg=Query: select count(*) as count from user_profile where port_address=24 and arrival_port=0]
[2020-07-21 19:34:10,894][INFO ][MainProcessDao$1][MainProcessDao.java][extractData()][43][msg=The count for port id 24 is 0]
[2020-07-21 19:34:10,894][INFO ][MainProcessDao$1][MainProcessDao.java][extractData()][47][msg=Adding to report: Report [portId=24, portType=0]]
[2020-07-21 19:34:10,894][INFO ][MainProcessDao][MainProcessDao.java][findInUserProfile()][60][msg=Checking in user profile for port info]
[2020-07-21 19:34:10,894][INFO ][MainProcessDao][MainProcessDao.java][findInUserProfile()][63][msg=Query: select count(*) as count from user_profile where port_address=25 and arrival_port=0]
[2020-07-21 19:34:10,897][INFO ][MainProcessDao$1][MainProcessDao.java][extractData()][43][msg=The count for port id 25 is 1]
[2020-07-21 19:34:10,897][INFO ][MainProcessDao][MainProcessDao.java][findInUserProfile()][60][msg=Checking in user profile for port info]
[2020-07-21 19:34:10,897][INFO ][MainProcessDao][MainProcessDao.java][findInUserProfile()][63][msg=Query: select count(*) as count from user_profile where port_address=26 and arrival_port=0]
[2020-07-21 19:34:10,899][INFO ][MainProcessDao$1][MainProcessDao.java][extractData()][43][msg=The count for port id 26 is 1]
[2020-07-21 19:34:10,899][INFO ][MainProcessDao][MainProcessDao.java][findInUserProfile()][60][msg=Checking in user profile for port info]
[2020-07-21 19:34:10,899][INFO ][MainProcessDao][MainProcessDao.java][findInUserProfile()][63][msg=Query: select count(*) as count from user_profile where port_address=27 and arrival_port=0]
[2020-07-21 19:34:10,901][INFO ][MainProcessDao$1][MainProcessDao.java][extractData()][43][msg=The count for port id 27 is 0]
[2020-07-21 19:34:10,901][INFO ][MainProcessDao$1][MainProcessDao.java][extractData()][47][msg=Adding to report: Report [portId=27, portType=0]]
[2020-07-21 19:34:10,901][INFO ][MainProcessDao][MainProcessDao.java][findInUserProfile()][60][msg=Checking in user profile for port info]
[2020-07-21 19:34:10,901][INFO ][MainProcessDao][MainProcessDao.java][findInUserProfile()][63][msg=Query: select count(*) as count from user_profile where port_address=28 and arrival_port=0]
[2020-07-21 19:34:10,903][INFO ][MainProcessDao$1][MainProcessDao.java][extractData()][43][msg=The count for port id 28 is 0]
[2020-07-21 19:34:10,903][INFO ][MainProcessDao$1][MainProcessDao.java][extractData()][47][msg=Adding to report: Report [portId=28, portType=0]]
[2020-07-21 19:34:10,903][INFO ][MainProcessDao][MainProcessDao.java][findInUserProfile()][60][msg=Checking in user profile for port info]
[2020-07-21 19:34:10,903][INFO ][MainProcessDao][MainProcessDao.java][findInUserProfile()][63][msg=Query: select count(*) as count from user_profile where port_address=29 and arrival_port=0]
[2020-07-21 19:34:10,905][INFO ][MainProcessDao$1][MainProcessDao.java][extractData()][43][msg=The count for port id 29 is 1]
[2020-07-21 19:34:10,906][INFO ][MainProcessDao][MainProcessDao.java][findInUserProfile()][60][msg=Checking in user profile for port info]
[2020-07-21 19:34:10,906][INFO ][MainProcessDao][MainProcessDao.java][findInUserProfile()][63][msg=Query: select count(*) as count from user_profile where port_address=30 and arrival_port=0]
[2020-07-21 19:34:10,908][INFO ][MainProcessDao$1][MainProcessDao.java][extractData()][43][msg=The count for port id 30 is 0]
[2020-07-21 19:34:10,908][INFO ][MainProcessDao$1][MainProcessDao.java][extractData()][47][msg=Adding to report: Report [portId=30, portType=0]]
[2020-07-21 19:34:10,908][INFO ][MainProcessDao][MainProcessDao.java][findInUserProfile()][60][msg=Checking in user profile for port info]
[2020-07-21 19:34:10,908][INFO ][MainProcessDao][MainProcessDao.java][findInUserProfile()][63][msg=Query: select count(*) as count from user_profile where port_address=31 and arrival_port=0]
[2020-07-21 19:34:10,911][INFO ][MainProcessDao$1][MainProcessDao.java][extractData()][43][msg=The count for port id 31 is 0]
[2020-07-21 19:34:10,911][INFO ][MainProcessDao$1][MainProcessDao.java][extractData()][47][msg=Adding to report: Report [portId=31, portType=0]]
[2020-07-21 19:34:10,911][INFO ][MainProcessDao][MainProcessDao.java][findInUserProfile()][60][msg=Checking in user profile for port info]
[2020-07-21 19:34:10,911][INFO ][MainProcessDao][MainProcessDao.java][findInUserProfile()][63][msg=Query: select count(*) as count from user_profile where port_address=32 and arrival_port=0]
[2020-07-21 19:34:10,913][INFO ][MainProcessDao$1][MainProcessDao.java][extractData()][43][msg=The count for port id 32 is 1]
[2020-07-21 19:34:10,913][INFO ][MainProcessDao][MainProcessDao.java][findInUserProfile()][60][msg=Checking in user profile for port info]
[2020-07-21 19:34:10,913][INFO ][MainProcessDao][MainProcessDao.java][findInUserProfile()][63][msg=Query: select count(*) as count from user_profile where port_address=33 and arrival_port=0]
[2020-07-21 19:34:10,915][INFO ][MainProcessDao$1][MainProcessDao.java][extractData()][43][msg=The count for port id 33 is 1]
[2020-07-21 19:34:10,915][INFO ][MainProcessDao][MainProcessDao.java][findInUserProfile()][60][msg=Checking in user profile for port info]
[2020-07-21 19:34:10,915][INFO ][MainProcessDao][MainProcessDao.java][findInUserProfile()][63][msg=Query: select count(*) as count from user_profile where port_address=34 and arrival_port=0]
[2020-07-21 19:34:10,917][INFO ][MainProcessDao$1][MainProcessDao.java][extractData()][43][msg=The count for port id 34 is 0]
[2020-07-21 19:34:10,917][INFO ][MainProcessDao$1][MainProcessDao.java][extractData()][47][msg=Adding to report: Report [portId=34, portType=0]]
[2020-07-21 19:34:10,917][INFO ][MainProcessDao][MainProcessDao.java][findInUserProfile()][60][msg=Checking in user profile for port info]
[2020-07-21 19:34:10,917][INFO ][MainProcessDao][MainProcessDao.java][findInUserProfile()][63][msg=Query: select count(*) as count from user_profile where port_address=35 and arrival_port=0]
[2020-07-21 19:34:10,920][INFO ][MainProcessDao$1][MainProcessDao.java][extractData()][43][msg=The count for port id 35 is 0]
[2020-07-21 19:34:10,920][INFO ][MainProcessDao$1][MainProcessDao.java][extractData()][47][msg=Adding to report: Report [portId=35, portType=0]]
[2020-07-21 19:34:10,920][INFO ][MainProcessDao][MainProcessDao.java][findInUserProfile()][60][msg=Checking in user profile for port info]
[2020-07-21 19:34:10,920][INFO ][MainProcessDao][MainProcessDao.java][findInUserProfile()][63][msg=Query: select count(*) as count from user_profile where port_address=36 and arrival_port=0]
[2020-07-21 19:34:10,922][INFO ][MainProcessDao$1][MainProcessDao.java][extractData()][43][msg=The count for port id 36 is 0]
[2020-07-21 19:34:10,922][INFO ][MainProcessDao$1][MainProcessDao.java][extractData()][47][msg=Adding to report: Report [portId=36, portType=0]]
[2020-07-21 19:34:10,922][INFO ][MainProcessDao][MainProcessDao.java][findInUserProfile()][60][msg=Checking in user profile for port info]
[2020-07-21 19:34:10,922][INFO ][MainProcessDao][MainProcessDao.java][findInUserProfile()][63][msg=Query: select count(*) as count from user_profile where port_address=37 and arrival_port=0]
[2020-07-21 19:34:10,924][INFO ][MainProcessDao$1][MainProcessDao.java][extractData()][43][msg=The count for port id 37 is 0]
[2020-07-21 19:34:10,924][INFO ][MainProcessDao$1][MainProcessDao.java][extractData()][47][msg=Adding to report: Report [portId=37, portType=0]]
[2020-07-21 19:34:10,924][INFO ][MainProcessDao][MainProcessDao.java][findInUserProfile()][60][msg=Checking in user profile for port info]
[2020-07-21 19:34:10,924][INFO ][MainProcessDao][MainProcessDao.java][findInUserProfile()][63][msg=Query: select count(*) as count from user_profile where port_address=38 and arrival_port=0]
[2020-07-21 19:34:10,926][INFO ][MainProcessDao$1][MainProcessDao.java][extractData()][43][msg=The count for port id 38 is 0]
[2020-07-21 19:34:10,926][INFO ][MainProcessDao$1][MainProcessDao.java][extractData()][47][msg=Adding to report: Report [portId=38, portType=0]]
[2020-07-21 19:34:10,926][INFO ][MainProcessDao][MainProcessDao.java][findInUserProfile()][60][msg=Checking in user profile for port info]
[2020-07-21 19:34:10,926][INFO ][MainProcessDao][MainProcessDao.java][findInUserProfile()][63][msg=Query: select count(*) as count from user_profile where port_address=39 and arrival_port=0]
[2020-07-21 19:34:10,928][INFO ][MainProcessDao$1][MainProcessDao.java][extractData()][43][msg=The count for port id 39 is 0]
[2020-07-21 19:34:10,928][INFO ][MainProcessDao$1][MainProcessDao.java][extractData()][47][msg=Adding to report: Report [portId=39, portType=0]]
[2020-07-21 19:34:10,929][INFO ][MainProcessDao][MainProcessDao.java][findInUserProfile()][60][msg=Checking in user profile for port info]
[2020-07-21 19:34:10,929][INFO ][MainProcessDao][MainProcessDao.java][findInUserProfile()][63][msg=Query: select count(*) as count from user_profile where port_address=40 and arrival_port=0]
[2020-07-21 19:34:10,931][INFO ][MainProcessDao$1][MainProcessDao.java][extractData()][43][msg=The count for port id 40 is 0]
[2020-07-21 19:34:10,931][INFO ][MainProcessDao$1][MainProcessDao.java][extractData()][47][msg=Adding to report: Report [portId=40, portType=0]]
[2020-07-21 19:34:10,932][INFO ][MainProcessDao][MainProcessDao.java][findInUserProfile()][60][msg=Checking in user profile for port info]
[2020-07-21 19:34:10,932][INFO ][MainProcessDao][MainProcessDao.java][findInUserProfile()][63][msg=Query: select count(*) as count from user_profile where port_address=41 and arrival_port=0]
[2020-07-21 19:34:10,934][INFO ][MainProcessDao$1][MainProcessDao.java][extractData()][43][msg=The count for port id 41 is 0]
[2020-07-21 19:34:10,934][INFO ][MainProcessDao$1][MainProcessDao.java][extractData()][47][msg=Adding to report: Report [portId=41, portType=0]]
[2020-07-21 19:34:10,934][INFO ][MainProcessDao][MainProcessDao.java][findInUserProfile()][60][msg=Checking in user profile for port info]
[2020-07-21 19:34:10,934][INFO ][MainProcessDao][MainProcessDao.java][findInUserProfile()][63][msg=Query: select count(*) as count from user_profile where port_address=42 and arrival_port=0]
[2020-07-21 19:34:10,937][INFO ][MainProcessDao$1][MainProcessDao.java][extractData()][43][msg=The count for port id 42 is 0]
[2020-07-21 19:34:10,937][INFO ][MainProcessDao$1][MainProcessDao.java][extractData()][47][msg=Adding to report: Report [portId=42, portType=0]]
[2020-07-21 19:34:10,937][INFO ][MainProcessDao][MainProcessDao.java][findInUserProfile()][60][msg=Checking in user profile for port info]
[2020-07-21 19:34:10,937][INFO ][MainProcessDao][MainProcessDao.java][findInUserProfile()][63][msg=Query: select count(*) as count from user_profile where port_address=43 and arrival_port=0]
[2020-07-21 19:34:10,939][INFO ][MainProcessDao$1][MainProcessDao.java][extractData()][43][msg=The count for port id 43 is 0]
[2020-07-21 19:34:10,939][INFO ][MainProcessDao$1][MainProcessDao.java][extractData()][47][msg=Adding to report: Report [portId=43, portType=0]]
[2020-07-21 19:34:10,939][INFO ][MainProcessDao][MainProcessDao.java][findInUserProfile()][60][msg=Checking in user profile for port info]
[2020-07-21 19:34:10,939][INFO ][MainProcessDao][MainProcessDao.java][findInUserProfile()][63][msg=Query: select count(*) as count from user_profile where port_address=44 and arrival_port=1]
[2020-07-21 19:34:10,941][INFO ][MainProcessDao$1][MainProcessDao.java][extractData()][43][msg=The count for port id 44 is 0]
[2020-07-21 19:34:10,941][INFO ][MainProcessDao$1][MainProcessDao.java][extractData()][47][msg=Adding to report: Report [portId=44, portType=1]]
[2020-07-21 19:34:10,941][INFO ][MainProcessDao][MainProcessDao.java][getReport()][81][msg=Final list of port id and address:]
[2020-07-21 19:34:10,941][INFO ][MainProcessDao][MainProcessDao.java][getReport()][83][msg=Report [portId=44, portType=1]]
[2020-07-21 19:34:10,941][INFO ][MainProcessDao][MainProcessDao.java][getReport()][83][msg=Report [portId=44, portType=1]]
[2020-07-21 19:34:10,941][INFO ][MainProcessDao][MainProcessDao.java][getReport()][83][msg=Report [portId=44, portType=1]]
[2020-07-21 19:34:10,941][INFO ][MainProcessDao][MainProcessDao.java][getReport()][83][msg=Report [portId=44, portType=1]]
[2020-07-21 19:34:10,942][INFO ][MainProcessDao][MainProcessDao.java][getReport()][83][msg=Report [portId=44, portType=1]]
[2020-07-21 19:34:10,942][INFO ][MainProcessDao][MainProcessDao.java][getReport()][83][msg=Report [portId=44, portType=1]]
[2020-07-21 19:34:10,942][INFO ][MainProcessDao][MainProcessDao.java][getReport()][83][msg=Report [portId=44, portType=1]]
[2020-07-21 19:34:10,942][INFO ][MainProcessDao][MainProcessDao.java][getReport()][83][msg=Report [portId=44, portType=1]]
[2020-07-21 19:34:10,942][INFO ][MainProcessDao][MainProcessDao.java][getReport()][83][msg=Report [portId=44, portType=1]]
[2020-07-21 19:34:10,942][INFO ][MainProcessDao][MainProcessDao.java][getReport()][83][msg=Report [portId=44, portType=1]]
[2020-07-21 19:34:10,942][INFO ][MainProcessDao][MainProcessDao.java][getReport()][83][msg=Report [portId=44, portType=1]]
[2020-07-21 19:34:10,942][INFO ][MainProcessDao][MainProcessDao.java][getReport()][83][msg=Report [portId=44, portType=1]]
[2020-07-21 19:34:10,942][INFO ][MainProcessDao][MainProcessDao.java][getReport()][83][msg=Report [portId=44, portType=1]]
[2020-07-21 19:34:10,942][INFO ][MainProcessDao][MainProcessDao.java][getReport()][83][msg=Report [portId=44, portType=1]]
[2020-07-21 19:34:10,942][INFO ][MainProcessDao][MainProcessDao.java][getReport()][83][msg=Report [portId=44, portType=1]]
[2020-07-21 19:34:10,942][INFO ][MainProcessDao][MainProcessDao.java][getReport()][83][msg=Report [portId=44, portType=1]]
[2020-07-21 19:34:10,942][INFO ][MainProcessDao][MainProcessDao.java][getReport()][83][msg=Report [portId=44, portType=1]]
[2020-07-21 19:34:10,942][INFO ][MainProcessDao][MainProcessDao.java][getReport()][83][msg=Report [portId=44, portType=1]]
[2020-07-21 19:34:10,942][INFO ][MainProcessDao][MainProcessDao.java][getReport()][83][msg=Report [portId=44, portType=1]]
[2020-07-21 19:34:10,943][INFO ][MainProcessDao][MainProcessDao.java][getReport()][83][msg=Report [portId=44, portType=1]]
[2020-07-21 19:34:10,943][INFO ][MainProcessDao][MainProcessDao.java][getReport()][83][msg=Report [portId=44, portType=1]]
[2020-07-21 19:34:10,943][INFO ][MainProcessDao][MainProcessDao.java][getReport()][83][msg=Report [portId=44, portType=1]]
[2020-07-21 19:34:10,943][INFO ][MainProcessDao][MainProcessDao.java][getReport()][83][msg=Report [portId=44, portType=1]]
[2020-07-21 19:34:10,943][INFO ][MainProcessDao][MainProcessDao.java][getReport()][83][msg=Report [portId=44, portType=1]]
[2020-07-21 19:34:10,943][INFO ][MainProcessDao][MainProcessDao.java][getReport()][83][msg=Report [portId=44, portType=1]]
[2020-07-21 19:34:10,943][INFO ][MainProcessDao][MainProcessDao.java][getReport()][83][msg=Report [portId=44, portType=1]]
[2020-07-21 19:34:10,943][INFO ][MainProcessDao][MainProcessDao.java][getReport()][83][msg=Report [portId=44, portType=1]]
[2020-07-21 19:34:10,943][INFO ][MainProcessDao][MainProcessDao.java][getReport()][83][msg=Report [portId=44, portType=1]]
[2020-07-21 19:34:10,943][INFO ][MainProcessDao][MainProcessDao.java][getReport()][83][msg=Report [portId=44, portType=1]]
[2020-07-21 19:34:10,943][INFO ][MainProcessDao][MainProcessDao.java][getReport()][83][msg=Report [portId=44, portType=1]]
[2020-07-21 19:34:10,943][INFO ][MainProcessDao][MainProcessDao.java][getReport()][83][msg=Report [portId=44, portType=1]]
[2020-07-21 19:34:10,943][INFO ][MainProcessDao][MainProcessDao.java][getReport()][83][msg=Report [portId=44, portType=1]]
[2020-07-21 19:34:10,943][INFO ][MainProcessDao][MainProcessDao.java][getReport()][83][msg=Report [portId=44, portType=1]]
[2020-07-21 19:34:10,944][INFO ][MainProcessDao][MainProcessDao.java][getReport()][83][msg=Report [portId=44, portType=1]]
[2020-07-21 19:34:10,944][INFO ][MainProcessDao][MainProcessDao.java][getReport()][83][msg=Report [portId=44, portType=1]]
[2020-07-21 19:34:10,944][INFO ][MainProcessDao][MainProcessDao.java][getReport()][83][msg=Report [portId=44, portType=1]]
[2020-07-21 19:34:10,944][INFO ][MainProcessDao][MainProcessDao.java][getReport()][83][msg=Report [portId=44, portType=1]]
[2020-07-21 19:36:31,128][INFO ][MainProcess][MainProcess.java][start()][19][msg=Starting Process]
[2020-07-21 19:36:31,130][INFO ][MainProcessDao][MainProcessDao.java][getPortIdAndType()][31][msg=Fetching port id and type from port_address table]
[2020-07-21 19:36:31,130][INFO ][MainProcessDao][MainProcessDao.java][getPortIdAndType()][34][msg=Query: select id, port from port_address]
[2020-07-21 19:36:31,132][INFO ][MainProcessDao][MainProcessDao.java][findInUserProfile()][60][msg=Checking in user profile for port info]
[2020-07-21 19:36:31,133][INFO ][MainProcessDao][MainProcessDao.java][findInUserProfile()][63][msg=Query: select count(*) as count from user_profile where port_address=101 and arrival_port=0]
[2020-07-21 19:36:31,137][INFO ][MainProcessDao$1][MainProcessDao.java][extractData()][43][msg=The count for port id 101 is 0]
[2020-07-21 19:36:31,137][INFO ][MainProcessDao$1][MainProcessDao.java][extractData()][47][msg=Adding to report: Report [portId=101, portType=0]]
[2020-07-21 19:36:31,138][INFO ][MainProcessDao][MainProcessDao.java][findInUserProfile()][60][msg=Checking in user profile for port info]
[2020-07-21 19:36:31,138][INFO ][MainProcessDao][MainProcessDao.java][findInUserProfile()][63][msg=Query: select count(*) as count from user_profile where port_address=1 and arrival_port=2]
[2020-07-21 19:36:31,139][INFO ][MainProcessDao$1][MainProcessDao.java][extractData()][43][msg=The count for port id 1 is 1]
[2020-07-21 19:36:31,140][INFO ][MainProcessDao][MainProcessDao.java][findInUserProfile()][60][msg=Checking in user profile for port info]
[2020-07-21 19:36:31,140][INFO ][MainProcessDao][MainProcessDao.java][findInUserProfile()][63][msg=Query: select count(*) as count from user_profile where port_address=2 and arrival_port=2]
[2020-07-21 19:36:31,141][INFO ][MainProcessDao$1][MainProcessDao.java][extractData()][43][msg=The count for port id 2 is 0]
[2020-07-21 19:36:31,141][INFO ][MainProcessDao$1][MainProcessDao.java][extractData()][47][msg=Adding to report: Report [portId=2, portType=2]]
[2020-07-21 19:36:31,141][INFO ][MainProcessDao][MainProcessDao.java][findInUserProfile()][60][msg=Checking in user profile for port info]
[2020-07-21 19:36:31,141][INFO ][MainProcessDao][MainProcessDao.java][findInUserProfile()][63][msg=Query: select count(*) as count from user_profile where port_address=3 and arrival_port=2]
[2020-07-21 19:36:31,142][INFO ][MainProcessDao$1][MainProcessDao.java][extractData()][43][msg=The count for port id 3 is 0]
[2020-07-21 19:36:31,142][INFO ][MainProcessDao$1][MainProcessDao.java][extractData()][47][msg=Adding to report: Report [portId=3, portType=2]]
[2020-07-21 19:36:31,142][INFO ][MainProcessDao][MainProcessDao.java][findInUserProfile()][60][msg=Checking in user profile for port info]
[2020-07-21 19:36:31,142][INFO ][MainProcessDao][MainProcessDao.java][findInUserProfile()][63][msg=Query: select count(*) as count from user_profile where port_address=4 and arrival_port=2]
[2020-07-21 19:36:31,143][INFO ][MainProcessDao$1][MainProcessDao.java][extractData()][43][msg=The count for port id 4 is 0]
[2020-07-21 19:36:31,143][INFO ][MainProcessDao$1][MainProcessDao.java][extractData()][47][msg=Adding to report: Report [portId=4, portType=2]]
[2020-07-21 19:36:31,143][INFO ][MainProcessDao][MainProcessDao.java][findInUserProfile()][60][msg=Checking in user profile for port info]
[2020-07-21 19:36:31,143][INFO ][MainProcessDao][MainProcessDao.java][findInUserProfile()][63][msg=Query: select count(*) as count from user_profile where port_address=5 and arrival_port=2]
[2020-07-21 19:36:31,144][INFO ][MainProcessDao$1][MainProcessDao.java][extractData()][43][msg=The count for port id 5 is 0]
[2020-07-21 19:36:31,144][INFO ][MainProcessDao$1][MainProcessDao.java][extractData()][47][msg=Adding to report: Report [portId=5, portType=2]]
[2020-07-21 19:36:31,144][INFO ][MainProcessDao][MainProcessDao.java][findInUserProfile()][60][msg=Checking in user profile for port info]
[2020-07-21 19:36:31,145][INFO ][MainProcessDao][MainProcessDao.java][findInUserProfile()][63][msg=Query: select count(*) as count from user_profile where port_address=6 and arrival_port=2]
[2020-07-21 19:36:31,146][INFO ][MainProcessDao$1][MainProcessDao.java][extractData()][43][msg=The count for port id 6 is 0]
[2020-07-21 19:36:31,146][INFO ][MainProcessDao$1][MainProcessDao.java][extractData()][47][msg=Adding to report: Report [portId=6, portType=2]]
[2020-07-21 19:36:31,146][INFO ][MainProcessDao][MainProcessDao.java][findInUserProfile()][60][msg=Checking in user profile for port info]
[2020-07-21 19:36:31,146][INFO ][MainProcessDao][MainProcessDao.java][findInUserProfile()][63][msg=Query: select count(*) as count from user_profile where port_address=7 and arrival_port=1]
[2020-07-21 19:36:31,147][INFO ][MainProcessDao$1][MainProcessDao.java][extractData()][43][msg=The count for port id 7 is 1]
[2020-07-21 19:36:31,147][INFO ][MainProcessDao][MainProcessDao.java][findInUserProfile()][60][msg=Checking in user profile for port info]
[2020-07-21 19:36:31,147][INFO ][MainProcessDao][MainProcessDao.java][findInUserProfile()][63][msg=Query: select count(*) as count from user_profile where port_address=8 and arrival_port=0]
[2020-07-21 19:36:31,148][INFO ][MainProcessDao$1][MainProcessDao.java][extractData()][43][msg=The count for port id 8 is 2]
[2020-07-21 19:36:31,148][INFO ][MainProcessDao][MainProcessDao.java][findInUserProfile()][60][msg=Checking in user profile for port info]
[2020-07-21 19:36:31,148][INFO ][MainProcessDao][MainProcessDao.java][findInUserProfile()][63][msg=Query: select count(*) as count from user_profile where port_address=9 and arrival_port=1]
[2020-07-21 19:36:31,149][INFO ][MainProcessDao$1][MainProcessDao.java][extractData()][43][msg=The count for port id 9 is 0]
[2020-07-21 19:36:31,149][INFO ][MainProcessDao$1][MainProcessDao.java][extractData()][47][msg=Adding to report: Report [portId=9, portType=1]]
[2020-07-21 19:36:31,149][INFO ][MainProcessDao][MainProcessDao.java][findInUserProfile()][60][msg=Checking in user profile for port info]
[2020-07-21 19:36:31,150][INFO ][MainProcessDao][MainProcessDao.java][findInUserProfile()][63][msg=Query: select count(*) as count from user_profile where port_address=10 and arrival_port=2]
[2020-07-21 19:36:31,150][INFO ][MainProcessDao$1][MainProcessDao.java][extractData()][43][msg=The count for port id 10 is 0]
[2020-07-21 19:36:31,150][INFO ][MainProcessDao$1][MainProcessDao.java][extractData()][47][msg=Adding to report: Report [portId=10, portType=2]]
[2020-07-21 19:36:31,151][INFO ][MainProcessDao][MainProcessDao.java][findInUserProfile()][60][msg=Checking in user profile for port info]
[2020-07-21 19:36:31,151][INFO ][MainProcessDao][MainProcessDao.java][findInUserProfile()][63][msg=Query: select count(*) as count from user_profile where port_address=11 and arrival_port=0]
[2020-07-21 19:36:31,151][INFO ][MainProcessDao$1][MainProcessDao.java][extractData()][43][msg=The count for port id 11 is 0]
[2020-07-21 19:36:31,152][INFO ][MainProcessDao$1][MainProcessDao.java][extractData()][47][msg=Adding to report: Report [portId=11, portType=0]]
[2020-07-21 19:36:31,152][INFO ][MainProcessDao][MainProcessDao.java][findInUserProfile()][60][msg=Checking in user profile for port info]
[2020-07-21 19:36:31,152][INFO ][MainProcessDao][MainProcessDao.java][findInUserProfile()][63][msg=Query: select count(*) as count from user_profile where port_address=12 and arrival_port=2]
[2020-07-21 19:36:31,153][INFO ][MainProcessDao$1][MainProcessDao.java][extractData()][43][msg=The count for port id 12 is 0]
[2020-07-21 19:36:31,153][INFO ][MainProcessDao$1][MainProcessDao.java][extractData()][47][msg=Adding to report: Report [portId=12, portType=2]]
[2020-07-21 19:36:31,153][INFO ][MainProcessDao][MainProcessDao.java][findInUserProfile()][60][msg=Checking in user profile for port info]
[2020-07-21 19:36:31,153][INFO ][MainProcessDao][MainProcessDao.java][findInUserProfile()][63][msg=Query: select count(*) as count from user_profile where port_address=13 and arrival_port=2]
[2020-07-21 19:36:31,154][INFO ][MainProcessDao$1][MainProcessDao.java][extractData()][43][msg=The count for port id 13 is 0]
[2020-07-21 19:36:31,154][INFO ][MainProcessDao$1][MainProcessDao.java][extractData()][47][msg=Adding to report: Report [portId=13, portType=2]]
[2020-07-21 19:36:31,154][INFO ][MainProcessDao][MainProcessDao.java][findInUserProfile()][60][msg=Checking in user profile for port info]
[2020-07-21 19:36:31,154][INFO ][MainProcessDao][MainProcessDao.java][findInUserProfile()][63][msg=Query: select count(*) as count from user_profile where port_address=14 and arrival_port=2]
[2020-07-21 19:36:31,155][INFO ][MainProcessDao$1][MainProcessDao.java][extractData()][43][msg=The count for port id 14 is 0]
[2020-07-21 19:36:31,155][INFO ][MainProcessDao$1][MainProcessDao.java][extractData()][47][msg=Adding to report: Report [portId=14, portType=2]]
[2020-07-21 19:36:31,155][INFO ][MainProcessDao][MainProcessDao.java][findInUserProfile()][60][msg=Checking in user profile for port info]
[2020-07-21 19:36:31,155][INFO ][MainProcessDao][MainProcessDao.java][findInUserProfile()][63][msg=Query: select count(*) as count from user_profile where port_address=15 and arrival_port=2]
[2020-07-21 19:36:31,156][INFO ][MainProcessDao$1][MainProcessDao.java][extractData()][43][msg=The count for port id 15 is 0]
[2020-07-21 19:36:31,156][INFO ][MainProcessDao$1][MainProcessDao.java][extractData()][47][msg=Adding to report: Report [portId=15, portType=2]]
[2020-07-21 19:36:31,156][INFO ][MainProcessDao][MainProcessDao.java][findInUserProfile()][60][msg=Checking in user profile for port info]
[2020-07-21 19:36:31,156][INFO ][MainProcessDao][MainProcessDao.java][findInUserProfile()][63][msg=Query: select count(*) as count from user_profile where port_address=16 and arrival_port=2]
[2020-07-21 19:36:31,157][INFO ][MainProcessDao$1][MainProcessDao.java][extractData()][43][msg=The count for port id 16 is 0]
[2020-07-21 19:36:31,157][INFO ][MainProcessDao$1][MainProcessDao.java][extractData()][47][msg=Adding to report: Report [portId=16, portType=2]]
[2020-07-21 19:36:31,157][INFO ][MainProcessDao][MainProcessDao.java][findInUserProfile()][60][msg=Checking in user profile for port info]
[2020-07-21 19:36:31,157][INFO ][MainProcessDao][MainProcessDao.java][findInUserProfile()][63][msg=Query: select count(*) as count from user_profile where port_address=17 and arrival_port=2]
[2020-07-21 19:36:31,158][INFO ][MainProcessDao$1][MainProcessDao.java][extractData()][43][msg=The count for port id 17 is 0]
[2020-07-21 19:36:31,158][INFO ][MainProcessDao$1][MainProcessDao.java][extractData()][47][msg=Adding to report: Report [portId=17, portType=2]]
[2020-07-21 19:36:31,158][INFO ][MainProcessDao][MainProcessDao.java][findInUserProfile()][60][msg=Checking in user profile for port info]
[2020-07-21 19:36:31,158][INFO ][MainProcessDao][MainProcessDao.java][findInUserProfile()][63][msg=Query: select count(*) as count from user_profile where port_address=18 and arrival_port=2]
[2020-07-21 19:36:31,159][INFO ][MainProcessDao$1][MainProcessDao.java][extractData()][43][msg=The count for port id 18 is 0]
[2020-07-21 19:36:31,159][INFO ][MainProcessDao$1][MainProcessDao.java][extractData()][47][msg=Adding to report: Report [portId=18, portType=2]]
[2020-07-21 19:36:31,159][INFO ][MainProcessDao][MainProcessDao.java][findInUserProfile()][60][msg=Checking in user profile for port info]
[2020-07-21 19:36:31,160][INFO ][MainProcessDao][MainProcessDao.java][findInUserProfile()][63][msg=Query: select count(*) as count from user_profile where port_address=19 and arrival_port=2]
[2020-07-21 19:36:31,160][INFO ][MainProcessDao$1][MainProcessDao.java][extractData()][43][msg=The count for port id 19 is 0]
[2020-07-21 19:36:31,160][INFO ][MainProcessDao$1][MainProcessDao.java][extractData()][47][msg=Adding to report: Report [portId=19, portType=2]]
[2020-07-21 19:36:31,161][INFO ][MainProcessDao][MainProcessDao.java][findInUserProfile()][60][msg=Checking in user profile for port info]
[2020-07-21 19:36:31,161][INFO ][MainProcessDao][MainProcessDao.java][findInUserProfile()][63][msg=Query: select count(*) as count from user_profile where port_address=20 and arrival_port=0]
[2020-07-21 19:36:31,162][INFO ][MainProcessDao$1][MainProcessDao.java][extractData()][43][msg=The count for port id 20 is 0]
[2020-07-21 19:36:31,162][INFO ][MainProcessDao$1][MainProcessDao.java][extractData()][47][msg=Adding to report: Report [portId=20, portType=0]]
[2020-07-21 19:36:31,162][INFO ][MainProcessDao][MainProcessDao.java][findInUserProfile()][60][msg=Checking in user profile for port info]
[2020-07-21 19:36:31,162][INFO ][MainProcessDao][MainProcessDao.java][findInUserProfile()][63][msg=Query: select count(*) as count from user_profile where port_address=21 and arrival_port=0]
[2020-07-21 19:36:31,163][INFO ][MainProcessDao$1][MainProcessDao.java][extractData()][43][msg=The count for port id 21 is 0]
[2020-07-21 19:36:31,163][INFO ][MainProcessDao$1][MainProcessDao.java][extractData()][47][msg=Adding to report: Report [portId=21, portType=0]]
[2020-07-21 19:36:31,163][INFO ][MainProcessDao][MainProcessDao.java][findInUserProfile()][60][msg=Checking in user profile for port info]
[2020-07-21 19:36:31,163][INFO ][MainProcessDao][MainProcessDao.java][findInUserProfile()][63][msg=Query: select count(*) as count from user_profile where port_address=22 and arrival_port=0]
[2020-07-21 19:36:31,164][INFO ][MainProcessDao$1][MainProcessDao.java][extractData()][43][msg=The count for port id 22 is 0]
[2020-07-21 19:36:31,164][INFO ][MainProcessDao$1][MainProcessDao.java][extractData()][47][msg=Adding to report: Report [portId=22, portType=0]]
[2020-07-21 19:36:31,164][INFO ][MainProcessDao][MainProcessDao.java][findInUserProfile()][60][msg=Checking in user profile for port info]
[2020-07-21 19:36:31,164][INFO ][MainProcessDao][MainProcessDao.java][findInUserProfile()][63][msg=Query: select count(*) as count from user_profile where port_address=23 and arrival_port=0]
[2020-07-21 19:36:31,165][INFO ][MainProcessDao$1][MainProcessDao.java][extractData()][43][msg=The count for port id 23 is 0]
[2020-07-21 19:36:31,165][INFO ][MainProcessDao$1][MainProcessDao.java][extractData()][47][msg=Adding to report: Report [portId=23, portType=0]]
[2020-07-21 19:36:31,165][INFO ][MainProcessDao][MainProcessDao.java][findInUserProfile()][60][msg=Checking in user profile for port info]
[2020-07-21 19:36:31,165][INFO ][MainProcessDao][MainProcessDao.java][findInUserProfile()][63][msg=Query: select count(*) as count from user_profile where port_address=24 and arrival_port=0]
[2020-07-21 19:36:31,166][INFO ][MainProcessDao$1][MainProcessDao.java][extractData()][43][msg=The count for port id 24 is 0]
[2020-07-21 19:36:31,166][INFO ][MainProcessDao$1][MainProcessDao.java][extractData()][47][msg=Adding to report: Report [portId=24, portType=0]]
[2020-07-21 19:36:31,166][INFO ][MainProcessDao][MainProcessDao.java][findInUserProfile()][60][msg=Checking in user profile for port info]
[2020-07-21 19:36:31,166][INFO ][MainProcessDao][MainProcessDao.java][findInUserProfile()][63][msg=Query: select count(*) as count from user_profile where port_address=25 and arrival_port=0]
[2020-07-21 19:36:31,167][INFO ][MainProcessDao$1][MainProcessDao.java][extractData()][43][msg=The count for port id 25 is 1]
[2020-07-21 19:36:31,167][INFO ][MainProcessDao][MainProcessDao.java][findInUserProfile()][60][msg=Checking in user profile for port info]
[2020-07-21 19:36:31,167][INFO ][MainProcessDao][MainProcessDao.java][findInUserProfile()][63][msg=Query: select count(*) as count from user_profile where port_address=26 and arrival_port=0]
[2020-07-21 19:36:31,168][INFO ][MainProcessDao$1][MainProcessDao.java][extractData()][43][msg=The count for port id 26 is 1]
[2020-07-21 19:36:31,168][INFO ][MainProcessDao][MainProcessDao.java][findInUserProfile()][60][msg=Checking in user profile for port info]
[2020-07-21 19:36:31,168][INFO ][MainProcessDao][MainProcessDao.java][findInUserProfile()][63][msg=Query: select count(*) as count from user_profile where port_address=27 and arrival_port=0]
[2020-07-21 19:36:31,169][INFO ][MainProcessDao$1][MainProcessDao.java][extractData()][43][msg=The count for port id 27 is 0]
[2020-07-21 19:36:31,169][INFO ][MainProcessDao$1][MainProcessDao.java][extractData()][47][msg=Adding to report: Report [portId=27, portType=0]]
[2020-07-21 19:36:31,169][INFO ][MainProcessDao][MainProcessDao.java][findInUserProfile()][60][msg=Checking in user profile for port info]
[2020-07-21 19:36:31,169][INFO ][MainProcessDao][MainProcessDao.java][findInUserProfile()][63][msg=Query: select count(*) as count from user_profile where port_address=28 and arrival_port=0]
[2020-07-21 19:36:31,170][INFO ][MainProcessDao$1][MainProcessDao.java][extractData()][43][msg=The count for port id 28 is 0]
[2020-07-21 19:36:31,170][INFO ][MainProcessDao$1][MainProcessDao.java][extractData()][47][msg=Adding to report: Report [portId=28, portType=0]]
[2020-07-21 19:36:31,170][INFO ][MainProcessDao][MainProcessDao.java][findInUserProfile()][60][msg=Checking in user profile for port info]
[2020-07-21 19:36:31,170][INFO ][MainProcessDao][MainProcessDao.java][findInUserProfile()][63][msg=Query: select count(*) as count from user_profile where port_address=29 and arrival_port=0]
[2020-07-21 19:36:31,171][INFO ][MainProcessDao$1][MainProcessDao.java][extractData()][43][msg=The count for port id 29 is 1]
[2020-07-21 19:36:31,171][INFO ][MainProcessDao][MainProcessDao.java][findInUserProfile()][60][msg=Checking in user profile for port info]
[2020-07-21 19:36:31,171][INFO ][MainProcessDao][MainProcessDao.java][findInUserProfile()][63][msg=Query: select count(*) as count from user_profile where port_address=30 and arrival_port=0]
[2020-07-21 19:36:31,172][INFO ][MainProcessDao$1][MainProcessDao.java][extractData()][43][msg=The count for port id 30 is 0]
[2020-07-21 19:36:31,172][INFO ][MainProcessDao$1][MainProcessDao.java][extractData()][47][msg=Adding to report: Report [portId=30, portType=0]]
[2020-07-21 19:36:31,172][INFO ][MainProcessDao][MainProcessDao.java][findInUserProfile()][60][msg=Checking in user profile for port info]
[2020-07-21 19:36:31,172][INFO ][MainProcessDao][MainProcessDao.java][findInUserProfile()][63][msg=Query: select count(*) as count from user_profile where port_address=31 and arrival_port=0]
[2020-07-21 19:36:31,173][INFO ][MainProcessDao$1][MainProcessDao.java][extractData()][43][msg=The count for port id 31 is 0]
[2020-07-21 19:36:31,173][INFO ][MainProcessDao$1][MainProcessDao.java][extractData()][47][msg=Adding to report: Report [portId=31, portType=0]]
[2020-07-21 19:36:31,173][INFO ][MainProcessDao][MainProcessDao.java][findInUserProfile()][60][msg=Checking in user profile for port info]
[2020-07-21 19:36:31,173][INFO ][MainProcessDao][MainProcessDao.java][findInUserProfile()][63][msg=Query: select count(*) as count from user_profile where port_address=32 and arrival_port=0]
[2020-07-21 19:36:31,174][INFO ][MainProcessDao$1][MainProcessDao.java][extractData()][43][msg=The count for port id 32 is 1]
[2020-07-21 19:36:31,174][INFO ][MainProcessDao][MainProcessDao.java][findInUserProfile()][60][msg=Checking in user profile for port info]
[2020-07-21 19:36:31,174][INFO ][MainProcessDao][MainProcessDao.java][findInUserProfile()][63][msg=Query: select count(*) as count from user_profile where port_address=33 and arrival_port=0]
[2020-07-21 19:36:31,175][INFO ][MainProcessDao$1][MainProcessDao.java][extractData()][43][msg=The count for port id 33 is 1]
[2020-07-21 19:36:31,175][INFO ][MainProcessDao][MainProcessDao.java][findInUserProfile()][60][msg=Checking in user profile for port info]
[2020-07-21 19:36:31,175][INFO ][MainProcessDao][MainProcessDao.java][findInUserProfile()][63][msg=Query: select count(*) as count from user_profile where port_address=34 and arrival_port=0]
[2020-07-21 19:36:31,176][INFO ][MainProcessDao$1][MainProcessDao.java][extractData()][43][msg=The count for port id 34 is 0]
[2020-07-21 19:36:31,176][INFO ][MainProcessDao$1][MainProcessDao.java][extractData()][47][msg=Adding to report: Report [portId=34, portType=0]]
[2020-07-21 19:36:31,176][INFO ][MainProcessDao][MainProcessDao.java][findInUserProfile()][60][msg=Checking in user profile for port info]
[2020-07-21 19:36:31,176][INFO ][MainProcessDao][MainProcessDao.java][findInUserProfile()][63][msg=Query: select count(*) as count from user_profile where port_address=35 and arrival_port=0]
[2020-07-21 19:36:31,178][INFO ][MainProcessDao$1][MainProcessDao.java][extractData()][43][msg=The count for port id 35 is 0]
[2020-07-21 19:36:31,178][INFO ][MainProcessDao$1][MainProcessDao.java][extractData()][47][msg=Adding to report: Report [portId=35, portType=0]]
[2020-07-21 19:36:31,178][INFO ][MainProcessDao][MainProcessDao.java][findInUserProfile()][60][msg=Checking in user profile for port info]
[2020-07-21 19:36:31,178][INFO ][MainProcessDao][MainProcessDao.java][findInUserProfile()][63][msg=Query: select count(*) as count from user_profile where port_address=36 and arrival_port=0]
[2020-07-21 19:36:31,179][INFO ][MainProcessDao$1][MainProcessDao.java][extractData()][43][msg=The count for port id 36 is 0]
[2020-07-21 19:36:31,179][INFO ][MainProcessDao$1][MainProcessDao.java][extractData()][47][msg=Adding to report: Report [portId=36, portType=0]]
[2020-07-21 19:36:31,179][INFO ][MainProcessDao][MainProcessDao.java][findInUserProfile()][60][msg=Checking in user profile for port info]
[2020-07-21 19:36:31,179][INFO ][MainProcessDao][MainProcessDao.java][findInUserProfile()][63][msg=Query: select count(*) as count from user_profile where port_address=37 and arrival_port=0]
[2020-07-21 19:36:31,180][INFO ][MainProcessDao$1][MainProcessDao.java][extractData()][43][msg=The count for port id 37 is 0]
[2020-07-21 19:36:31,180][INFO ][MainProcessDao$1][MainProcessDao.java][extractData()][47][msg=Adding to report: Report [portId=37, portType=0]]
[2020-07-21 19:36:31,180][INFO ][MainProcessDao][MainProcessDao.java][findInUserProfile()][60][msg=Checking in user profile for port info]
[2020-07-21 19:36:31,180][INFO ][MainProcessDao][MainProcessDao.java][findInUserProfile()][63][msg=Query: select count(*) as count from user_profile where port_address=38 and arrival_port=0]
[2020-07-21 19:36:31,181][INFO ][MainProcessDao$1][MainProcessDao.java][extractData()][43][msg=The count for port id 38 is 0]
[2020-07-21 19:36:31,181][INFO ][MainProcessDao$1][MainProcessDao.java][extractData()][47][msg=Adding to report: Report [portId=38, portType=0]]
[2020-07-21 19:36:31,181][INFO ][MainProcessDao][MainProcessDao.java][findInUserProfile()][60][msg=Checking in user profile for port info]
[2020-07-21 19:36:31,181][INFO ][MainProcessDao][MainProcessDao.java][findInUserProfile()][63][msg=Query: select count(*) as count from user_profile where port_address=39 and arrival_port=0]
[2020-07-21 19:36:31,182][INFO ][MainProcessDao$1][MainProcessDao.java][extractData()][43][msg=The count for port id 39 is 0]
[2020-07-21 19:36:31,182][INFO ][MainProcessDao$1][MainProcessDao.java][extractData()][47][msg=Adding to report: Report [portId=39, portType=0]]
[2020-07-21 19:36:31,183][INFO ][MainProcessDao][MainProcessDao.java][findInUserProfile()][60][msg=Checking in user profile for port info]
[2020-07-21 19:36:31,183][INFO ][MainProcessDao][MainProcessDao.java][findInUserProfile()][63][msg=Query: select count(*) as count from user_profile where port_address=40 and arrival_port=0]
[2020-07-21 19:36:31,183][INFO ][MainProcessDao$1][MainProcessDao.java][extractData()][43][msg=The count for port id 40 is 0]
[2020-07-21 19:36:31,184][INFO ][MainProcessDao$1][MainProcessDao.java][extractData()][47][msg=Adding to report: Report [portId=40, portType=0]]
[2020-07-21 19:36:31,184][INFO ][MainProcessDao][MainProcessDao.java][findInUserProfile()][60][msg=Checking in user profile for port info]
[2020-07-21 19:36:31,184][INFO ][MainProcessDao][MainProcessDao.java][findInUserProfile()][63][msg=Query: select count(*) as count from user_profile where port_address=41 and arrival_port=0]
[2020-07-21 19:36:31,184][INFO ][MainProcessDao$1][MainProcessDao.java][extractData()][43][msg=The count for port id 41 is 0]
[2020-07-21 19:36:31,185][INFO ][MainProcessDao$1][MainProcessDao.java][extractData()][47][msg=Adding to report: Report [portId=41, portType=0]]
[2020-07-21 19:36:31,185][INFO ][MainProcessDao][MainProcessDao.java][findInUserProfile()][60][msg=Checking in user profile for port info]
[2020-07-21 19:36:31,185][INFO ][MainProcessDao][MainProcessDao.java][findInUserProfile()][63][msg=Query: select count(*) as count from user_profile where port_address=42 and arrival_port=0]
[2020-07-21 19:36:31,185][INFO ][MainProcessDao$1][MainProcessDao.java][extractData()][43][msg=The count for port id 42 is 0]
[2020-07-21 19:36:31,185][INFO ][MainProcessDao$1][MainProcessDao.java][extractData()][47][msg=Adding to report: Report [portId=42, portType=0]]
[2020-07-21 19:36:31,186][INFO ][MainProcessDao][MainProcessDao.java][findInUserProfile()][60][msg=Checking in user profile for port info]
[2020-07-21 19:36:31,186][INFO ][MainProcessDao][MainProcessDao.java][findInUserProfile()][63][msg=Query: select count(*) as count from user_profile where port_address=43 and arrival_port=0]
[2020-07-21 19:36:31,186][INFO ][MainProcessDao$1][MainProcessDao.java][extractData()][43][msg=The count for port id 43 is 0]
[2020-07-21 19:36:31,186][INFO ][MainProcessDao$1][MainProcessDao.java][extractData()][47][msg=Adding to report: Report [portId=43, portType=0]]
[2020-07-21 19:36:31,186][INFO ][MainProcessDao][MainProcessDao.java][findInUserProfile()][60][msg=Checking in user profile for port info]
[2020-07-21 19:36:31,187][INFO ][MainProcessDao][MainProcessDao.java][findInUserProfile()][63][msg=Query: select count(*) as count from user_profile where port_address=44 and arrival_port=1]
[2020-07-21 19:36:31,187][INFO ][MainProcessDao$1][MainProcessDao.java][extractData()][43][msg=The count for port id 44 is 0]
[2020-07-21 19:36:31,187][INFO ][MainProcessDao$1][MainProcessDao.java][extractData()][47][msg=Adding to report: Report [portId=44, portType=1]]
[2020-07-21 19:36:31,187][INFO ][MainProcessDao][MainProcessDao.java][getReport()][81][msg=Final list of port id and address:]
[2020-07-21 19:36:31,188][INFO ][MainProcessDao][MainProcessDao.java][getReport()][83][msg=Report [portId=44, portType=1]]
[2020-07-21 19:36:31,188][INFO ][MainProcessDao][MainProcessDao.java][getReport()][83][msg=Report [portId=44, portType=1]]
[2020-07-21 19:36:31,188][INFO ][MainProcessDao][MainProcessDao.java][getReport()][83][msg=Report [portId=44, portType=1]]
[2020-07-21 19:36:31,188][INFO ][MainProcessDao][MainProcessDao.java][getReport()][83][msg=Report [portId=44, portType=1]]
[2020-07-21 19:36:31,188][INFO ][MainProcessDao][MainProcessDao.java][getReport()][83][msg=Report [portId=44, portType=1]]
[2020-07-21 19:36:31,188][INFO ][MainProcessDao][MainProcessDao.java][getReport()][83][msg=Report [portId=44, portType=1]]
[2020-07-21 19:36:31,188][INFO ][MainProcessDao][MainProcessDao.java][getReport()][83][msg=Report [portId=44, portType=1]]
[2020-07-21 19:36:31,188][INFO ][MainProcessDao][MainProcessDao.java][getReport()][83][msg=Report [portId=44, portType=1]]
[2020-07-21 19:36:31,188][INFO ][MainProcessDao][MainProcessDao.java][getReport()][83][msg=Report [portId=44, portType=1]]
[2020-07-21 19:36:31,188][INFO ][MainProcessDao][MainProcessDao.java][getReport()][83][msg=Report [portId=44, portType=1]]
[2020-07-21 19:36:31,188][INFO ][MainProcessDao][MainProcessDao.java][getReport()][83][msg=Report [portId=44, portType=1]]
[2020-07-21 19:36:31,188][INFO ][MainProcessDao][MainProcessDao.java][getReport()][83][msg=Report [portId=44, portType=1]]
[2020-07-21 19:36:31,188][INFO ][MainProcessDao][MainProcessDao.java][getReport()][83][msg=Report [portId=44, portType=1]]
[2020-07-21 19:36:31,188][INFO ][MainProcessDao][MainProcessDao.java][getReport()][83][msg=Report [portId=44, portType=1]]
[2020-07-21 19:36:31,189][INFO ][MainProcessDao][MainProcessDao.java][getReport()][83][msg=Report [portId=44, portType=1]]
[2020-07-21 19:36:31,189][INFO ][MainProcessDao][MainProcessDao.java][getReport()][83][msg=Report [portId=44, portType=1]]
[2020-07-21 19:36:31,189][INFO ][MainProcessDao][MainProcessDao.java][getReport()][83][msg=Report [portId=44, portType=1]]
[2020-07-21 19:36:31,189][INFO ][MainProcessDao][MainProcessDao.java][getReport()][83][msg=Report [portId=44, portType=1]]
[2020-07-21 19:36:31,189][INFO ][MainProcessDao][MainProcessDao.java][getReport()][83][msg=Report [portId=44, portType=1]]
[2020-07-21 19:36:31,189][INFO ][MainProcessDao][MainProcessDao.java][getReport()][83][msg=Report [portId=44, portType=1]]
[2020-07-21 19:36:31,189][INFO ][MainProcessDao][MainProcessDao.java][getReport()][83][msg=Report [portId=44, portType=1]]
[2020-07-21 19:36:31,189][INFO ][MainProcessDao][MainProcessDao.java][getReport()][83][msg=Report [portId=44, portType=1]]
[2020-07-21 19:36:31,189][INFO ][MainProcessDao][MainProcessDao.java][getReport()][83][msg=Report [portId=44, portType=1]]
[2020-07-21 19:36:31,189][INFO ][MainProcessDao][MainProcessDao.java][getReport()][83][msg=Report [portId=44, portType=1]]
[2020-07-21 19:36:31,189][INFO ][MainProcessDao][MainProcessDao.java][getReport()][83][msg=Report [portId=44, portType=1]]
[2020-07-21 19:36:31,189][INFO ][MainProcessDao][MainProcessDao.java][getReport()][83][msg=Report [portId=44, portType=1]]
[2020-07-21 19:36:31,189][INFO ][MainProcessDao][MainProcessDao.java][getReport()][83][msg=Report [portId=44, portType=1]]
[2020-07-21 19:36:31,190][INFO ][MainProcessDao][MainProcessDao.java][getReport()][83][msg=Report [portId=44, portType=1]]
[2020-07-21 19:36:31,190][INFO ][MainProcessDao][MainProcessDao.java][getReport()][83][msg=Report [portId=44, portType=1]]
[2020-07-21 19:36:31,190][INFO ][MainProcessDao][MainProcessDao.java][getReport()][83][msg=Report [portId=44, portType=1]]
[2020-07-21 19:36:31,190][INFO ][MainProcessDao][MainProcessDao.java][getReport()][83][msg=Report [portId=44, portType=1]]
[2020-07-21 19:36:31,190][INFO ][MainProcessDao][MainProcessDao.java][getReport()][83][msg=Report [portId=44, portType=1]]
[2020-07-21 19:36:31,190][INFO ][MainProcessDao][MainProcessDao.java][getReport()][83][msg=Report [portId=44, portType=1]]
[2020-07-21 19:36:31,190][INFO ][MainProcessDao][MainProcessDao.java][getReport()][83][msg=Report [portId=44, portType=1]]
[2020-07-21 19:36:31,190][INFO ][MainProcessDao][MainProcessDao.java][getReport()][83][msg=Report [portId=44, portType=1]]
[2020-07-21 19:36:31,190][INFO ][MainProcessDao][MainProcessDao.java][getReport()][83][msg=Report [portId=44, portType=1]]
[2020-07-21 19:36:31,190][INFO ][MainProcessDao][MainProcessDao.java][getReport()][83][msg=Report [portId=44, portType=1]]
[2020-07-21 20:01:49,014][INFO ][MainProcess][MainProcess.java][start()][19][msg=Starting Process]
[2020-07-21 20:01:49,016][INFO ][MainProcessDao][MainProcessDao.java][getPortIdAndType()][29][msg=Fetching port id and type from port_address table]
[2020-07-21 20:01:49,016][INFO ][MainProcessDao][MainProcessDao.java][getPortIdAndType()][32][msg=Query: select id, port from port_address]
[2020-07-21 20:01:49,018][INFO ][MainProcessDao][MainProcessDao.java][findInUserProfile()][59][msg=Checking in user profile for port info]
[2020-07-21 20:01:49,019][INFO ][MainProcessDao][MainProcessDao.java][findInUserProfile()][62][msg=Query: select count(*) as count from user_profile where port_address=101 and arrival_port=0]
[2020-07-21 20:01:49,025][INFO ][MainProcessDao$1][MainProcessDao.java][extractData()][41][msg=The count for port id 101 is 0]
[2020-07-21 20:01:49,026][INFO ][MainProcessDao$1][MainProcessDao.java][extractData()][46][msg=Adding to report: Report [portId=101, portType=0]]
[2020-07-21 20:01:49,027][INFO ][MainProcessDao][MainProcessDao.java][findInUserProfile()][59][msg=Checking in user profile for port info]
[2020-07-21 20:01:49,027][INFO ][MainProcessDao][MainProcessDao.java][findInUserProfile()][62][msg=Query: select count(*) as count from user_profile where port_address=1 and arrival_port=2]
[2020-07-21 20:01:49,029][INFO ][MainProcessDao$1][MainProcessDao.java][extractData()][41][msg=The count for port id 1 is 1]
[2020-07-21 20:01:49,029][INFO ][MainProcessDao][MainProcessDao.java][findInUserProfile()][59][msg=Checking in user profile for port info]
[2020-07-21 20:01:49,029][INFO ][MainProcessDao][MainProcessDao.java][findInUserProfile()][62][msg=Query: select count(*) as count from user_profile where port_address=2 and arrival_port=2]
[2020-07-21 20:01:49,030][INFO ][MainProcessDao$1][MainProcessDao.java][extractData()][41][msg=The count for port id 2 is 0]
[2020-07-21 20:01:49,031][INFO ][MainProcessDao$1][MainProcessDao.java][extractData()][46][msg=Adding to report: Report [portId=2, portType=2]]
[2020-07-21 20:01:49,031][INFO ][MainProcessDao][MainProcessDao.java][findInUserProfile()][59][msg=Checking in user profile for port info]
[2020-07-21 20:01:49,031][INFO ][MainProcessDao][MainProcessDao.java][findInUserProfile()][62][msg=Query: select count(*) as count from user_profile where port_address=3 and arrival_port=2]
[2020-07-21 20:01:49,032][INFO ][MainProcessDao$1][MainProcessDao.java][extractData()][41][msg=The count for port id 3 is 0]
[2020-07-21 20:01:49,032][INFO ][MainProcessDao$1][MainProcessDao.java][extractData()][46][msg=Adding to report: Report [portId=3, portType=2]]
[2020-07-21 20:01:49,033][INFO ][MainProcessDao][MainProcessDao.java][findInUserProfile()][59][msg=Checking in user profile for port info]
[2020-07-21 20:01:49,033][INFO ][MainProcessDao][MainProcessDao.java][findInUserProfile()][62][msg=Query: select count(*) as count from user_profile where port_address=4 and arrival_port=2]
[2020-07-21 20:01:49,034][INFO ][MainProcessDao$1][MainProcessDao.java][extractData()][41][msg=The count for port id 4 is 0]
[2020-07-21 20:01:49,034][INFO ][MainProcessDao$1][MainProcessDao.java][extractData()][46][msg=Adding to report: Report [portId=4, portType=2]]
[2020-07-21 20:01:49,035][INFO ][MainProcessDao][MainProcessDao.java][findInUserProfile()][59][msg=Checking in user profile for port info]
[2020-07-21 20:01:49,035][INFO ][MainProcessDao][MainProcessDao.java][findInUserProfile()][62][msg=Query: select count(*) as count from user_profile where port_address=5 and arrival_port=2]
[2020-07-21 20:01:49,036][INFO ][MainProcessDao$1][MainProcessDao.java][extractData()][41][msg=The count for port id 5 is 0]
[2020-07-21 20:01:49,036][INFO ][MainProcessDao$1][MainProcessDao.java][extractData()][46][msg=Adding to report: Report [portId=5, portType=2]]
[2020-07-21 20:01:49,036][INFO ][MainProcessDao][MainProcessDao.java][findInUserProfile()][59][msg=Checking in user profile for port info]
[2020-07-21 20:01:49,037][INFO ][MainProcessDao][MainProcessDao.java][findInUserProfile()][62][msg=Query: select count(*) as count from user_profile where port_address=6 and arrival_port=2]
[2020-07-21 20:01:49,038][INFO ][MainProcessDao$1][MainProcessDao.java][extractData()][41][msg=The count for port id 6 is 0]
[2020-07-21 20:01:49,038][INFO ][MainProcessDao$1][MainProcessDao.java][extractData()][46][msg=Adding to report: Report [portId=6, portType=2]]
[2020-07-21 20:01:49,038][INFO ][MainProcessDao][MainProcessDao.java][findInUserProfile()][59][msg=Checking in user profile for port info]
[2020-07-21 20:01:49,039][INFO ][MainProcessDao][MainProcessDao.java][findInUserProfile()][62][msg=Query: select count(*) as count from user_profile where port_address=7 and arrival_port=1]
[2020-07-21 20:01:49,040][INFO ][MainProcessDao$1][MainProcessDao.java][extractData()][41][msg=The count for port id 7 is 1]
[2020-07-21 20:01:49,040][INFO ][MainProcessDao][MainProcessDao.java][findInUserProfile()][59][msg=Checking in user profile for port info]
[2020-07-21 20:01:49,040][INFO ][MainProcessDao][MainProcessDao.java][findInUserProfile()][62][msg=Query: select count(*) as count from user_profile where port_address=8 and arrival_port=0]
[2020-07-21 20:01:49,041][INFO ][MainProcessDao$1][MainProcessDao.java][extractData()][41][msg=The count for port id 8 is 2]
[2020-07-21 20:01:49,041][INFO ][MainProcessDao][MainProcessDao.java][findInUserProfile()][59][msg=Checking in user profile for port info]
[2020-07-21 20:01:49,041][INFO ][MainProcessDao][MainProcessDao.java][findInUserProfile()][62][msg=Query: select count(*) as count from user_profile where port_address=9 and arrival_port=1]
[2020-07-21 20:01:49,042][INFO ][MainProcessDao$1][MainProcessDao.java][extractData()][41][msg=The count for port id 9 is 0]
[2020-07-21 20:01:49,043][INFO ][MainProcessDao$1][MainProcessDao.java][extractData()][46][msg=Adding to report: Report [portId=9, portType=1]]
[2020-07-21 20:01:49,043][INFO ][MainProcessDao][MainProcessDao.java][findInUserProfile()][59][msg=Checking in user profile for port info]
[2020-07-21 20:01:49,044][INFO ][MainProcessDao][MainProcessDao.java][findInUserProfile()][62][msg=Query: select count(*) as count from user_profile where port_address=10 and arrival_port=2]
[2020-07-21 20:01:49,045][INFO ][MainProcessDao$1][MainProcessDao.java][extractData()][41][msg=The count for port id 10 is 0]
[2020-07-21 20:01:49,045][INFO ][MainProcessDao$1][MainProcessDao.java][extractData()][46][msg=Adding to report: Report [portId=10, portType=2]]
[2020-07-21 20:01:49,045][INFO ][MainProcessDao][MainProcessDao.java][findInUserProfile()][59][msg=Checking in user profile for port info]
[2020-07-21 20:01:49,045][INFO ][MainProcessDao][MainProcessDao.java][findInUserProfile()][62][msg=Query: select count(*) as count from user_profile where port_address=11 and arrival_port=0]
[2020-07-21 20:01:49,046][INFO ][MainProcessDao$1][MainProcessDao.java][extractData()][41][msg=The count for port id 11 is 0]
[2020-07-21 20:01:49,046][INFO ][MainProcessDao$1][MainProcessDao.java][extractData()][46][msg=Adding to report: Report [portId=11, portType=0]]
[2020-07-21 20:01:49,046][INFO ][MainProcessDao][MainProcessDao.java][findInUserProfile()][59][msg=Checking in user profile for port info]
[2020-07-21 20:01:49,047][INFO ][MainProcessDao][MainProcessDao.java][findInUserProfile()][62][msg=Query: select count(*) as count from user_profile where port_address=12 and arrival_port=2]
[2020-07-21 20:01:49,048][INFO ][MainProcessDao$1][MainProcessDao.java][extractData()][41][msg=The count for port id 12 is 0]
[2020-07-21 20:01:49,048][INFO ][MainProcessDao$1][MainProcessDao.java][extractData()][46][msg=Adding to report: Report [portId=12, portType=2]]
[2020-07-21 20:01:49,048][INFO ][MainProcessDao][MainProcessDao.java][findInUserProfile()][59][msg=Checking in user profile for port info]
[2020-07-21 20:01:49,048][INFO ][MainProcessDao][MainProcessDao.java][findInUserProfile()][62][msg=Query: select count(*) as count from user_profile where port_address=13 and arrival_port=2]
[2020-07-21 20:01:49,049][INFO ][MainProcessDao$1][MainProcessDao.java][extractData()][41][msg=The count for port id 13 is 0]
[2020-07-21 20:01:49,049][INFO ][MainProcessDao$1][MainProcessDao.java][extractData()][46][msg=Adding to report: Report [portId=13, portType=2]]
[2020-07-21 20:01:49,050][INFO ][MainProcessDao][MainProcessDao.java][findInUserProfile()][59][msg=Checking in user profile for port info]
[2020-07-21 20:01:49,050][INFO ][MainProcessDao][MainProcessDao.java][findInUserProfile()][62][msg=Query: select count(*) as count from user_profile where port_address=14 and arrival_port=2]
[2020-07-21 20:01:49,051][INFO ][MainProcessDao$1][MainProcessDao.java][extractData()][41][msg=The count for port id 14 is 0]
[2020-07-21 20:01:49,051][INFO ][MainProcessDao$1][MainProcessDao.java][extractData()][46][msg=Adding to report: Report [portId=14, portType=2]]
[2020-07-21 20:01:49,051][INFO ][MainProcessDao][MainProcessDao.java][findInUserProfile()][59][msg=Checking in user profile for port info]
[2020-07-21 20:01:49,051][INFO ][MainProcessDao][MainProcessDao.java][findInUserProfile()][62][msg=Query: select count(*) as count from user_profile where port_address=15 and arrival_port=2]
[2020-07-21 20:01:49,052][INFO ][MainProcessDao$1][MainProcessDao.java][extractData()][41][msg=The count for port id 15 is 0]
[2020-07-21 20:01:49,052][INFO ][MainProcessDao$1][MainProcessDao.java][extractData()][46][msg=Adding to report: Report [portId=15, portType=2]]
[2020-07-21 20:01:49,052][INFO ][MainProcessDao][MainProcessDao.java][findInUserProfile()][59][msg=Checking in user profile for port info]
[2020-07-21 20:01:49,052][INFO ][MainProcessDao][MainProcessDao.java][findInUserProfile()][62][msg=Query: select count(*) as count from user_profile where port_address=16 and arrival_port=2]
[2020-07-21 20:01:49,053][INFO ][MainProcessDao$1][MainProcessDao.java][extractData()][41][msg=The count for port id 16 is 0]
[2020-07-21 20:01:49,053][INFO ][MainProcessDao$1][MainProcessDao.java][extractData()][46][msg=Adding to report: Report [portId=16, portType=2]]
[2020-07-21 20:01:49,054][INFO ][MainProcessDao][MainProcessDao.java][findInUserProfile()][59][msg=Checking in user profile for port info]
[2020-07-21 20:01:49,054][INFO ][MainProcessDao][MainProcessDao.java][findInUserProfile()][62][msg=Query: select count(*) as count from user_profile where port_address=17 and arrival_port=2]
[2020-07-21 20:01:49,055][INFO ][MainProcessDao$1][MainProcessDao.java][extractData()][41][msg=The count for port id 17 is 0]
[2020-07-21 20:01:49,055][INFO ][MainProcessDao$1][MainProcessDao.java][extractData()][46][msg=Adding to report: Report [portId=17, portType=2]]
[2020-07-21 20:01:49,055][INFO ][MainProcessDao][MainProcessDao.java][findInUserProfile()][59][msg=Checking in user profile for port info]
[2020-07-21 20:01:49,055][INFO ][MainProcessDao][MainProcessDao.java][findInUserProfile()][62][msg=Query: select count(*) as count from user_profile where port_address=18 and arrival_port=2]
[2020-07-21 20:01:49,056][INFO ][MainProcessDao$1][MainProcessDao.java][extractData()][41][msg=The count for port id 18 is 0]
[2020-07-21 20:01:49,056][INFO ][MainProcessDao$1][MainProcessDao.java][extractData()][46][msg=Adding to report: Report [portId=18, portType=2]]
[2020-07-21 20:01:49,056][INFO ][MainProcessDao][MainProcessDao.java][findInUserProfile()][59][msg=Checking in user profile for port info]
[2020-07-21 20:01:49,057][INFO ][MainProcessDao][MainProcessDao.java][findInUserProfile()][62][msg=Query: select count(*) as count from user_profile where port_address=19 and arrival_port=2]
[2020-07-21 20:01:49,058][INFO ][MainProcessDao$1][MainProcessDao.java][extractData()][41][msg=The count for port id 19 is 0]
[2020-07-21 20:01:49,058][INFO ][MainProcessDao$1][MainProcessDao.java][extractData()][46][msg=Adding to report: Report [portId=19, portType=2]]
[2020-07-21 20:01:49,058][INFO ][MainProcessDao][MainProcessDao.java][findInUserProfile()][59][msg=Checking in user profile for port info]
[2020-07-21 20:01:49,059][INFO ][MainProcessDao][MainProcessDao.java][findInUserProfile()][62][msg=Query: select count(*) as count from user_profile where port_address=20 and arrival_port=0]
[2020-07-21 20:01:49,059][INFO ][MainProcessDao$1][MainProcessDao.java][extractData()][41][msg=The count for port id 20 is 0]
[2020-07-21 20:01:49,060][INFO ][MainProcessDao$1][MainProcessDao.java][extractData()][46][msg=Adding to report: Report [portId=20, portType=0]]
[2020-07-21 20:01:49,060][INFO ][MainProcessDao][MainProcessDao.java][findInUserProfile()][59][msg=Checking in user profile for port info]
[2020-07-21 20:01:49,060][INFO ][MainProcessDao][MainProcessDao.java][findInUserProfile()][62][msg=Query: select count(*) as count from user_profile where port_address=21 and arrival_port=0]
[2020-07-21 20:01:49,061][INFO ][MainProcessDao$1][MainProcessDao.java][extractData()][41][msg=The count for port id 21 is 0]
[2020-07-21 20:01:49,061][INFO ][MainProcessDao$1][MainProcessDao.java][extractData()][46][msg=Adding to report: Report [portId=21, portType=0]]
[2020-07-21 20:01:49,061][INFO ][MainProcessDao][MainProcessDao.java][findInUserProfile()][59][msg=Checking in user profile for port info]
[2020-07-21 20:01:49,061][INFO ][MainProcessDao][MainProcessDao.java][findInUserProfile()][62][msg=Query: select count(*) as count from user_profile where port_address=22 and arrival_port=0]
[2020-07-21 20:01:49,062][INFO ][MainProcessDao$1][MainProcessDao.java][extractData()][41][msg=The count for port id 22 is 0]
[2020-07-21 20:01:49,062][INFO ][MainProcessDao$1][MainProcessDao.java][extractData()][46][msg=Adding to report: Report [portId=22, portType=0]]
[2020-07-21 20:01:49,062][INFO ][MainProcessDao][MainProcessDao.java][findInUserProfile()][59][msg=Checking in user profile for port info]
[2020-07-21 20:01:49,063][INFO ][MainProcessDao][MainProcessDao.java][findInUserProfile()][62][msg=Query: select count(*) as count from user_profile where port_address=23 and arrival_port=0]
[2020-07-21 20:01:49,063][INFO ][MainProcessDao$1][MainProcessDao.java][extractData()][41][msg=The count for port id 23 is 0]
[2020-07-21 20:01:49,064][INFO ][MainProcessDao$1][MainProcessDao.java][extractData()][46][msg=Adding to report: Report [portId=23, portType=0]]
[2020-07-21 20:01:49,064][INFO ][MainProcessDao][MainProcessDao.java][findInUserProfile()][59][msg=Checking in user profile for port info]
[2020-07-21 20:01:49,064][INFO ][MainProcessDao][MainProcessDao.java][findInUserProfile()][62][msg=Query: select count(*) as count from user_profile where port_address=24 and arrival_port=0]
[2020-07-21 20:01:49,065][INFO ][MainProcessDao$1][MainProcessDao.java][extractData()][41][msg=The count for port id 24 is 0]
[2020-07-21 20:01:49,065][INFO ][MainProcessDao$1][MainProcessDao.java][extractData()][46][msg=Adding to report: Report [portId=24, portType=0]]
[2020-07-21 20:01:49,065][INFO ][MainProcessDao][MainProcessDao.java][findInUserProfile()][59][msg=Checking in user profile for port info]
[2020-07-21 20:01:49,065][INFO ][MainProcessDao][MainProcessDao.java][findInUserProfile()][62][msg=Query: select count(*) as count from user_profile where port_address=25 and arrival_port=0]
[2020-07-21 20:01:49,066][INFO ][MainProcessDao$1][MainProcessDao.java][extractData()][41][msg=The count for port id 25 is 1]
[2020-07-21 20:01:49,066][INFO ][MainProcessDao][MainProcessDao.java][findInUserProfile()][59][msg=Checking in user profile for port info]
[2020-07-21 20:01:49,067][INFO ][MainProcessDao][MainProcessDao.java][findInUserProfile()][62][msg=Query: select count(*) as count from user_profile where port_address=26 and arrival_port=0]
[2020-07-21 20:01:49,067][INFO ][MainProcessDao$1][MainProcessDao.java][extractData()][41][msg=The count for port id 26 is 1]
[2020-07-21 20:01:49,068][INFO ][MainProcessDao][MainProcessDao.java][findInUserProfile()][59][msg=Checking in user profile for port info]
[2020-07-21 20:01:49,068][INFO ][MainProcessDao][MainProcessDao.java][findInUserProfile()][62][msg=Query: select count(*) as count from user_profile where port_address=27 and arrival_port=0]
[2020-07-21 20:01:49,069][INFO ][MainProcessDao$1][MainProcessDao.java][extractData()][41][msg=The count for port id 27 is 0]
[2020-07-21 20:01:49,069][INFO ][MainProcessDao$1][MainProcessDao.java][extractData()][46][msg=Adding to report: Report [portId=27, portType=0]]
[2020-07-21 20:01:49,069][INFO ][MainProcessDao][MainProcessDao.java][findInUserProfile()][59][msg=Checking in user profile for port info]
[2020-07-21 20:01:49,069][INFO ][MainProcessDao][MainProcessDao.java][findInUserProfile()][62][msg=Query: select count(*) as count from user_profile where port_address=28 and arrival_port=0]
[2020-07-21 20:01:49,070][INFO ][MainProcessDao$1][MainProcessDao.java][extractData()][41][msg=The count for port id 28 is 0]
[2020-07-21 20:01:49,070][INFO ][MainProcessDao$1][MainProcessDao.java][extractData()][46][msg=Adding to report: Report [portId=28, portType=0]]
[2020-07-21 20:01:49,071][INFO ][MainProcessDao][MainProcessDao.java][findInUserProfile()][59][msg=Checking in user profile for port info]
[2020-07-21 20:01:49,071][INFO ][MainProcessDao][MainProcessDao.java][findInUserProfile()][62][msg=Query: select count(*) as count from user_profile where port_address=29 and arrival_port=0]
[2020-07-21 20:01:49,072][INFO ][MainProcessDao$1][MainProcessDao.java][extractData()][41][msg=The count for port id 29 is 1]
[2020-07-21 20:01:49,072][INFO ][MainProcessDao][MainProcessDao.java][findInUserProfile()][59][msg=Checking in user profile for port info]
[2020-07-21 20:01:49,073][INFO ][MainProcessDao][MainProcessDao.java][findInUserProfile()][62][msg=Query: select count(*) as count from user_profile where port_address=30 and arrival_port=0]
[2020-07-21 20:01:49,073][INFO ][MainProcessDao$1][MainProcessDao.java][extractData()][41][msg=The count for port id 30 is 0]
[2020-07-21 20:01:49,074][INFO ][MainProcessDao$1][MainProcessDao.java][extractData()][46][msg=Adding to report: Report [portId=30, portType=0]]
[2020-07-21 20:01:49,074][INFO ][MainProcessDao][MainProcessDao.java][findInUserProfile()][59][msg=Checking in user profile for port info]
[2020-07-21 20:01:49,074][INFO ][MainProcessDao][MainProcessDao.java][findInUserProfile()][62][msg=Query: select count(*) as count from user_profile where port_address=31 and arrival_port=0]
[2020-07-21 20:01:49,075][INFO ][MainProcessDao$1][MainProcessDao.java][extractData()][41][msg=The count for port id 31 is 0]
[2020-07-21 20:01:49,075][INFO ][MainProcessDao$1][MainProcessDao.java][extractData()][46][msg=Adding to report: Report [portId=31, portType=0]]
[2020-07-21 20:01:49,075][INFO ][MainProcessDao][MainProcessDao.java][findInUserProfile()][59][msg=Checking in user profile for port info]
[2020-07-21 20:01:49,075][INFO ][MainProcessDao][MainProcessDao.java][findInUserProfile()][62][msg=Query: select count(*) as count from user_profile where port_address=32 and arrival_port=0]
[2020-07-21 20:01:49,076][INFO ][MainProcessDao$1][MainProcessDao.java][extractData()][41][msg=The count for port id 32 is 1]
[2020-07-21 20:01:49,076][INFO ][MainProcessDao][MainProcessDao.java][findInUserProfile()][59][msg=Checking in user profile for port info]
[2020-07-21 20:01:49,077][INFO ][MainProcessDao][MainProcessDao.java][findInUserProfile()][62][msg=Query: select count(*) as count from user_profile where port_address=33 and arrival_port=0]
[2020-07-21 20:01:49,077][INFO ][MainProcessDao$1][MainProcessDao.java][extractData()][41][msg=The count for port id 33 is 1]
[2020-07-21 20:01:49,078][INFO ][MainProcessDao][MainProcessDao.java][findInUserProfile()][59][msg=Checking in user profile for port info]
[2020-07-21 20:01:49,078][INFO ][MainProcessDao][MainProcessDao.java][findInUserProfile()][62][msg=Query: select count(*) as count from user_profile where port_address=34 and arrival_port=0]
[2020-07-21 20:01:49,079][INFO ][MainProcessDao$1][MainProcessDao.java][extractData()][41][msg=The count for port id 34 is 0]
[2020-07-21 20:01:49,079][INFO ][MainProcessDao$1][MainProcessDao.java][extractData()][46][msg=Adding to report: Report [portId=34, portType=0]]
[2020-07-21 20:01:49,079][INFO ][MainProcessDao][MainProcessDao.java][findInUserProfile()][59][msg=Checking in user profile for port info]
[2020-07-21 20:01:49,079][INFO ][MainProcessDao][MainProcessDao.java][findInUserProfile()][62][msg=Query: select count(*) as count from user_profile where port_address=35 and arrival_port=0]
[2020-07-21 20:01:49,080][INFO ][MainProcessDao$1][MainProcessDao.java][extractData()][41][msg=The count for port id 35 is 0]
[2020-07-21 20:01:49,080][INFO ][MainProcessDao$1][MainProcessDao.java][extractData()][46][msg=Adding to report: Report [portId=35, portType=0]]
[2020-07-21 20:01:49,080][INFO ][MainProcessDao][MainProcessDao.java][findInUserProfile()][59][msg=Checking in user profile for port info]
[2020-07-21 20:01:49,080][INFO ][MainProcessDao][MainProcessDao.java][findInUserProfile()][62][msg=Query: select count(*) as count from user_profile where port_address=36 and arrival_port=0]
[2020-07-21 20:01:49,081][INFO ][MainProcessDao$1][MainProcessDao.java][extractData()][41][msg=The count for port id 36 is 0]
[2020-07-21 20:01:49,081][INFO ][MainProcessDao$1][MainProcessDao.java][extractData()][46][msg=Adding to report: Report [portId=36, portType=0]]
[2020-07-21 20:01:49,081][INFO ][MainProcessDao][MainProcessDao.java][findInUserProfile()][59][msg=Checking in user profile for port info]
[2020-07-21 20:01:49,082][INFO ][MainProcessDao][MainProcessDao.java][findInUserProfile()][62][msg=Query: select count(*) as count from user_profile where port_address=37 and arrival_port=0]
[2020-07-21 20:01:49,082][INFO ][MainProcessDao$1][MainProcessDao.java][extractData()][41][msg=The count for port id 37 is 0]
[2020-07-21 20:01:49,083][INFO ][MainProcessDao$1][MainProcessDao.java][extractData()][46][msg=Adding to report: Report [portId=37, portType=0]]
[2020-07-21 20:01:49,083][INFO ][MainProcessDao][MainProcessDao.java][findInUserProfile()][59][msg=Checking in user profile for port info]
[2020-07-21 20:01:49,083][INFO ][MainProcessDao][MainProcessDao.java][findInUserProfile()][62][msg=Query: select count(*) as count from user_profile where port_address=38 and arrival_port=0]
[2020-07-21 20:01:49,084][INFO ][MainProcessDao$1][MainProcessDao.java][extractData()][41][msg=The count for port id 38 is 0]
[2020-07-21 20:01:49,084][INFO ][MainProcessDao$1][MainProcessDao.java][extractData()][46][msg=Adding to report: Report [portId=38, portType=0]]
[2020-07-21 20:01:49,084][INFO ][MainProcessDao][MainProcessDao.java][findInUserProfile()][59][msg=Checking in user profile for port info]
[2020-07-21 20:01:49,084][INFO ][MainProcessDao][MainProcessDao.java][findInUserProfile()][62][msg=Query: select count(*) as count from user_profile where port_address=39 and arrival_port=0]
[2020-07-21 20:01:49,085][INFO ][MainProcessDao$1][MainProcessDao.java][extractData()][41][msg=The count for port id 39 is 0]
[2020-07-21 20:01:49,085][INFO ][MainProcessDao$1][MainProcessDao.java][extractData()][46][msg=Adding to report: Report [portId=39, portType=0]]
[2020-07-21 20:01:49,086][INFO ][MainProcessDao][MainProcessDao.java][findInUserProfile()][59][msg=Checking in user profile for port info]
[2020-07-21 20:01:49,086][INFO ][MainProcessDao][MainProcessDao.java][findInUserProfile()][62][msg=Query: select count(*) as count from user_profile where port_address=40 and arrival_port=0]
[2020-07-21 20:01:49,087][INFO ][MainProcessDao$1][MainProcessDao.java][extractData()][41][msg=The count for port id 40 is 0]
[2020-07-21 20:01:49,087][INFO ][MainProcessDao$1][MainProcessDao.java][extractData()][46][msg=Adding to report: Report [portId=40, portType=0]]
[2020-07-21 20:01:49,087][INFO ][MainProcessDao][MainProcessDao.java][findInUserProfile()][59][msg=Checking in user profile for port info]
[2020-07-21 20:01:49,088][INFO ][MainProcessDao][MainProcessDao.java][findInUserProfile()][62][msg=Query: select count(*) as count from user_profile where port_address=41 and arrival_port=0]
[2020-07-21 20:01:49,088][INFO ][MainProcessDao$1][MainProcessDao.java][extractData()][41][msg=The count for port id 41 is 0]
[2020-07-21 20:01:49,089][INFO ][MainProcessDao$1][MainProcessDao.java][extractData()][46][msg=Adding to report: Report [portId=41, portType=0]]
[2020-07-21 20:01:49,089][INFO ][MainProcessDao][MainProcessDao.java][findInUserProfile()][59][msg=Checking in user profile for port info]
[2020-07-21 20:01:49,089][INFO ][MainProcessDao][MainProcessDao.java][findInUserProfile()][62][msg=Query: select count(*) as count from user_profile where port_address=42 and arrival_port=0]
[2020-07-21 20:01:49,090][INFO ][MainProcessDao$1][MainProcessDao.java][extractData()][41][msg=The count for port id 42 is 0]
[2020-07-21 20:01:49,090][INFO ][MainProcessDao$1][MainProcessDao.java][extractData()][46][msg=Adding to report: Report [portId=42, portType=0]]
[2020-07-21 20:01:49,090][INFO ][MainProcessDao][MainProcessDao.java][findInUserProfile()][59][msg=Checking in user profile for port info]
[2020-07-21 20:01:49,090][INFO ][MainProcessDao][MainProcessDao.java][findInUserProfile()][62][msg=Query: select count(*) as count from user_profile where port_address=43 and arrival_port=0]
[2020-07-21 20:01:49,091][INFO ][MainProcessDao$1][MainProcessDao.java][extractData()][41][msg=The count for port id 43 is 0]
[2020-07-21 20:01:49,091][INFO ][MainProcessDao$1][MainProcessDao.java][extractData()][46][msg=Adding to report: Report [portId=43, portType=0]]
[2020-07-21 20:01:49,091][INFO ][MainProcessDao][MainProcessDao.java][findInUserProfile()][59][msg=Checking in user profile for port info]
[2020-07-21 20:01:49,091][INFO ][MainProcessDao][MainProcessDao.java][findInUserProfile()][62][msg=Query: select count(*) as count from user_profile where port_address=44 and arrival_port=1]
[2020-07-21 20:01:49,092][INFO ][MainProcessDao$1][MainProcessDao.java][extractData()][41][msg=The count for port id 44 is 0]
[2020-07-21 20:01:49,092][INFO ][MainProcessDao$1][MainProcessDao.java][extractData()][46][msg=Adding to report: Report [portId=44, portType=1]]
[2020-07-21 20:01:49,092][INFO ][MainProcessDao][MainProcessDao.java][getReport()][80][msg=Final list of port id and address:]
[2020-07-21 20:01:49,093][INFO ][MainProcessDao][MainProcessDao.java][getReport()][82][msg=Report [portId=101, portType=0]]
[2020-07-21 20:01:49,093][INFO ][MainProcessDao][MainProcessDao.java][getReport()][82][msg=Report [portId=2, portType=2]]
[2020-07-21 20:01:49,093][INFO ][MainProcessDao][MainProcessDao.java][getReport()][82][msg=Report [portId=3, portType=2]]
[2020-07-21 20:01:49,093][INFO ][MainProcessDao][MainProcessDao.java][getReport()][82][msg=Report [portId=4, portType=2]]
[2020-07-21 20:01:49,093][INFO ][MainProcessDao][MainProcessDao.java][getReport()][82][msg=Report [portId=5, portType=2]]
[2020-07-21 20:01:49,093][INFO ][MainProcessDao][MainProcessDao.java][getReport()][82][msg=Report [portId=6, portType=2]]
[2020-07-21 20:01:49,093][INFO ][MainProcessDao][MainProcessDao.java][getReport()][82][msg=Report [portId=9, portType=1]]
[2020-07-21 20:01:49,093][INFO ][MainProcessDao][MainProcessDao.java][getReport()][82][msg=Report [portId=10, portType=2]]
[2020-07-21 20:01:49,094][INFO ][MainProcessDao][MainProcessDao.java][getReport()][82][msg=Report [portId=11, portType=0]]
[2020-07-21 20:01:49,094][INFO ][MainProcessDao][MainProcessDao.java][getReport()][82][msg=Report [portId=12, portType=2]]
[2020-07-21 20:01:49,094][INFO ][MainProcessDao][MainProcessDao.java][getReport()][82][msg=Report [portId=13, portType=2]]
[2020-07-21 20:01:49,094][INFO ][MainProcessDao][MainProcessDao.java][getReport()][82][msg=Report [portId=14, portType=2]]
[2020-07-21 20:01:49,094][INFO ][MainProcessDao][MainProcessDao.java][getReport()][82][msg=Report [portId=15, portType=2]]
[2020-07-21 20:01:49,094][INFO ][MainProcessDao][MainProcessDao.java][getReport()][82][msg=Report [portId=16, portType=2]]
[2020-07-21 20:01:49,094][INFO ][MainProcessDao][MainProcessDao.java][getReport()][82][msg=Report [portId=17, portType=2]]
[2020-07-21 20:01:49,094][INFO ][MainProcessDao][MainProcessDao.java][getReport()][82][msg=Report [portId=18, portType=2]]
[2020-07-21 20:01:49,095][INFO ][MainProcessDao][MainProcessDao.java][getReport()][82][msg=Report [portId=19, portType=2]]
[2020-07-21 20:01:49,095][INFO ][MainProcessDao][MainProcessDao.java][getReport()][82][msg=Report [portId=20, portType=0]]
[2020-07-21 20:01:49,095][INFO ][MainProcessDao][MainProcessDao.java][getReport()][82][msg=Report [portId=21, portType=0]]
[2020-07-21 20:01:49,095][INFO ][MainProcessDao][MainProcessDao.java][getReport()][82][msg=Report [portId=22, portType=0]]
[2020-07-21 20:01:49,095][INFO ][MainProcessDao][MainProcessDao.java][getReport()][82][msg=Report [portId=23, portType=0]]
[2020-07-21 20:01:49,095][INFO ][MainProcessDao][MainProcessDao.java][getReport()][82][msg=Report [portId=24, portType=0]]
[2020-07-21 20:01:49,095][INFO ][MainProcessDao][MainProcessDao.java][getReport()][82][msg=Report [portId=27, portType=0]]
[2020-07-21 20:01:49,095][INFO ][MainProcessDao][MainProcessDao.java][getReport()][82][msg=Report [portId=28, portType=0]]
[2020-07-21 20:01:49,095][INFO ][MainProcessDao][MainProcessDao.java][getReport()][82][msg=Report [portId=30, portType=0]]
[2020-07-21 20:01:49,096][INFO ][MainProcessDao][MainProcessDao.java][getReport()][82][msg=Report [portId=31, portType=0]]
[2020-07-21 20:01:49,096][INFO ][MainProcessDao][MainProcessDao.java][getReport()][82][msg=Report [portId=34, portType=0]]
[2020-07-21 20:01:49,096][INFO ][MainProcessDao][MainProcessDao.java][getReport()][82][msg=Report [portId=35, portType=0]]
[2020-07-21 20:01:49,096][INFO ][MainProcessDao][MainProcessDao.java][getReport()][82][msg=Report [portId=36, portType=0]]
[2020-07-21 20:01:49,096][INFO ][MainProcessDao][MainProcessDao.java][getReport()][82][msg=Report [portId=37, portType=0]]
[2020-07-21 20:01:49,096][INFO ][MainProcessDao][MainProcessDao.java][getReport()][82][msg=Report [portId=38, portType=0]]
[2020-07-21 20:01:49,096][INFO ][MainProcessDao][MainProcessDao.java][getReport()][82][msg=Report [portId=39, portType=0]]
[2020-07-21 20:01:49,096][INFO ][MainProcessDao][MainProcessDao.java][getReport()][82][msg=Report [portId=40, portType=0]]
[2020-07-21 20:01:49,096][INFO ][MainProcessDao][MainProcessDao.java][getReport()][82][msg=Report [portId=41, portType=0]]
[2020-07-21 20:01:49,097][INFO ][MainProcessDao][MainProcessDao.java][getReport()][82][msg=Report [portId=42, portType=0]]
[2020-07-21 20:01:49,097][INFO ][MainProcessDao][MainProcessDao.java][getReport()][82][msg=Report [portId=43, portType=0]]
[2020-07-21 20:01:49,097][INFO ][MainProcessDao][MainProcessDao.java][getReport()][82][msg=Report [portId=44, portType=1]]
